{
  "stats": {
    "suites": 16,
    "tests": 58,
    "passes": 58,
    "pending": 0,
    "failures": 0,
    "start": "2017-06-12T16:32:19.616Z",
    "end": "2017-06-12T16:32:19.804Z",
    "duration": 188,
    "testsRegistered": 58,
    "passPercent": 100,
    "pendingPercent": 0,
    "other": 0,
    "hasOther": false,
    "skipped": 0,
    "hasSkipped": false,
    "passPercentClass": "success",
    "pendingPercentClass": "danger"
  },
  "suites": {
    "title": "",
    "suites": [
      {
        "title": "Encode Test",
        "suites": [],
        "tests": [
          {
            "title": "<>& encode",
            "fullTitle": "Encode Test <>& encode",
            "timedOut": false,
            "duration": 8,
            "state": "passed",
            "speed": "fast",
            "pass": true,
            "fail": false,
            "pending": false,
            "code": "const target = '<img src=\"hello\" /> a < b && a > b';\nconst result = '<p><img src=\"hello\" /> a &lt; b &amp;&amp; a &gt; b</p>';\nexpect(parse(target)).to.be.equal(result);",
            "err": {},
            "isRoot": false,
            "uuid": "9099e029-8d24-465f-b0e3-dc32b719d9f3",
            "parentUUID": "3ad67bbf-1967-4476-a529-f204f282d91c",
            "isHook": false,
            "skipped": false
          },
          {
            "title": "<> in Block Code And Inline Code",
            "fullTitle": "Encode Test <> in Block Code And Inline Code",
            "timedOut": false,
            "duration": 1,
            "state": "passed",
            "speed": "fast",
            "pass": true,
            "fail": false,
            "pending": false,
            "code": "const target = '```\\n<p></p><\\n```';\nconst result = '<pre><code class=\"code_language_\">&lt;p&gt;&lt;/p&gt;&lt;\\n</code></pre>';\nexpect(parse(target)).to.be.equal(result);",
            "err": {},
            "isRoot": false,
            "uuid": "4833620d-babf-4e1a-8764-d60e90928592",
            "parentUUID": "3ad67bbf-1967-4476-a529-f204f282d91c",
            "isHook": false,
            "skipped": false
          }
        ],
        "pending": [],
        "root": false,
        "_timeout": 2000,
        "file": "/test/encode/index.js",
        "uuid": "3ad67bbf-1967-4476-a529-f204f282d91c",
        "beforeHooks": [],
        "afterHooks": [],
        "fullFile": "/home/jeffwang/fe/extendown/test/encode/index.js",
        "passes": [
          {
            "title": "<>& encode",
            "fullTitle": "Encode Test <>& encode",
            "timedOut": false,
            "duration": 8,
            "state": "passed",
            "speed": "fast",
            "pass": true,
            "fail": false,
            "pending": false,
            "code": "const target = '<img src=\"hello\" /> a < b && a > b';\nconst result = '<p><img src=\"hello\" /> a &lt; b &amp;&amp; a &gt; b</p>';\nexpect(parse(target)).to.be.equal(result);",
            "err": {},
            "isRoot": false,
            "uuid": "9099e029-8d24-465f-b0e3-dc32b719d9f3",
            "parentUUID": "3ad67bbf-1967-4476-a529-f204f282d91c",
            "isHook": false,
            "skipped": false
          },
          {
            "title": "<> in Block Code And Inline Code",
            "fullTitle": "Encode Test <> in Block Code And Inline Code",
            "timedOut": false,
            "duration": 1,
            "state": "passed",
            "speed": "fast",
            "pass": true,
            "fail": false,
            "pending": false,
            "code": "const target = '```\\n<p></p><\\n```';\nconst result = '<pre><code class=\"code_language_\">&lt;p&gt;&lt;/p&gt;&lt;\\n</code></pre>';\nexpect(parse(target)).to.be.equal(result);",
            "err": {},
            "isRoot": false,
            "uuid": "4833620d-babf-4e1a-8764-d60e90928592",
            "parentUUID": "3ad67bbf-1967-4476-a529-f204f282d91c",
            "isHook": false,
            "skipped": false
          }
        ],
        "failures": [],
        "skipped": [],
        "hasBeforeHooks": false,
        "hasAfterHooks": false,
        "hasTests": true,
        "hasSuites": false,
        "totalTests": 2,
        "totalPasses": 2,
        "totalFailures": 0,
        "totalPending": 0,
        "totalSkipped": 0,
        "hasPasses": true,
        "hasFailures": false,
        "hasPending": false,
        "hasSkipped": false,
        "duration": 9,
        "rootEmpty": false
      },
      {
        "title": "Escape Test",
        "suites": [],
        "tests": [
          {
            "title": "` Escape",
            "fullTitle": "Escape Test ` Escape",
            "timedOut": false,
            "duration": 1,
            "state": "passed",
            "speed": "fast",
            "pass": true,
            "fail": false,
            "pending": false,
            "code": "const target = '`\\\\``';\nconst result = '<p><code>`</code></p>';\nexpect(parse(target)).to.be.equal(result);",
            "err": {},
            "isRoot": false,
            "uuid": "7cd146b5-9c5e-41bb-b882-c5f57c4c07df",
            "parentUUID": "62846891-d3bf-492d-901d-34aa558ffefa",
            "isHook": false,
            "skipped": false
          },
          {
            "title": "\\ Escape",
            "fullTitle": "Escape Test \\ Escape",
            "timedOut": false,
            "duration": 1,
            "state": "passed",
            "speed": "fast",
            "pass": true,
            "fail": false,
            "pending": false,
            "code": "const target = '\\\\\\\\';\nconst result = '<p>\\\\</p>';\nexpect(parse(target)).to.be.equal(result);",
            "err": {},
            "isRoot": false,
            "uuid": "4000fb56-fc22-4b76-ba1e-02d8c11af991",
            "parentUUID": "62846891-d3bf-492d-901d-34aa558ffefa",
            "isHook": false,
            "skipped": false
          },
          {
            "title": "* Escape",
            "fullTitle": "Escape Test * Escape",
            "timedOut": false,
            "duration": 1,
            "state": "passed",
            "speed": "fast",
            "pass": true,
            "fail": false,
            "pending": false,
            "code": "const target = '*\\\\**';\nconst result = '<p><em>*</em></p>';\nexpect(parse(target)).to.be.equal(result);",
            "err": {},
            "isRoot": false,
            "uuid": "936957da-3335-4b44-8026-8977f59c197d",
            "parentUUID": "62846891-d3bf-492d-901d-34aa558ffefa",
            "isHook": false,
            "skipped": false
          },
          {
            "title": "_ Escape",
            "fullTitle": "Escape Test _ Escape",
            "timedOut": false,
            "duration": 4,
            "state": "passed",
            "speed": "fast",
            "pass": true,
            "fail": false,
            "pending": false,
            "code": "const target = '__\\\\___';\nconst result = '<p><strong>_</strong></p>';\nexpect(parse(target)).to.be.equal(result);",
            "err": {},
            "isRoot": false,
            "uuid": "ddabc71a-ee1d-4b53-a442-79844ea3f675",
            "parentUUID": "62846891-d3bf-492d-901d-34aa558ffefa",
            "isHook": false,
            "skipped": false
          },
          {
            "title": "[] Escape",
            "fullTitle": "Escape Test [] Escape",
            "timedOut": false,
            "duration": 0,
            "state": "passed",
            "speed": "fast",
            "pass": true,
            "fail": false,
            "pending": false,
            "code": "const target = '!\\\\[\\\\]()';\nconst result = '<p>![]()</p>';\nexpect(parse(target)).to.be.equal(result);",
            "err": {},
            "isRoot": false,
            "uuid": "b1a8c5cc-e20a-4000-8aca-fb494f3e3631",
            "parentUUID": "62846891-d3bf-492d-901d-34aa558ffefa",
            "isHook": false,
            "skipped": false
          },
          {
            "title": "! Escape",
            "fullTitle": "Escape Test ! Escape",
            "timedOut": false,
            "duration": 1,
            "state": "passed",
            "speed": "fast",
            "pass": true,
            "fail": false,
            "pending": false,
            "code": "const target = '\\\\![link]()';\nconst result = '<p>!<a href=\"\" target=\"_blank\">link</a></p>';\nexpect(parse(target)).to.be.equal(result);",
            "err": {},
            "isRoot": false,
            "uuid": "8734bc3d-9f08-495f-b996-d70cf427f008",
            "parentUUID": "62846891-d3bf-492d-901d-34aa558ffefa",
            "isHook": false,
            "skipped": false
          },
          {
            "title": "# Escape",
            "fullTitle": "Escape Test # Escape",
            "timedOut": false,
            "duration": 1,
            "state": "passed",
            "speed": "fast",
            "pass": true,
            "fail": false,
            "pending": false,
            "code": "const target = '# \\#hello';\nconst result = '<h1>#hello</h1>';\nexpect(parse(target)).to.be.equal(result);",
            "err": {},
            "isRoot": false,
            "uuid": "c4100ce8-4e77-4f40-8bb7-1533847514fa",
            "parentUUID": "62846891-d3bf-492d-901d-34aa558ffefa",
            "isHook": false,
            "skipped": false
          }
        ],
        "pending": [],
        "root": false,
        "_timeout": 2000,
        "file": "/test/escape/index.js",
        "uuid": "62846891-d3bf-492d-901d-34aa558ffefa",
        "beforeHooks": [],
        "afterHooks": [],
        "fullFile": "/home/jeffwang/fe/extendown/test/escape/index.js",
        "passes": [
          {
            "title": "` Escape",
            "fullTitle": "Escape Test ` Escape",
            "timedOut": false,
            "duration": 1,
            "state": "passed",
            "speed": "fast",
            "pass": true,
            "fail": false,
            "pending": false,
            "code": "const target = '`\\\\``';\nconst result = '<p><code>`</code></p>';\nexpect(parse(target)).to.be.equal(result);",
            "err": {},
            "isRoot": false,
            "uuid": "7cd146b5-9c5e-41bb-b882-c5f57c4c07df",
            "parentUUID": "62846891-d3bf-492d-901d-34aa558ffefa",
            "isHook": false,
            "skipped": false
          },
          {
            "title": "\\ Escape",
            "fullTitle": "Escape Test \\ Escape",
            "timedOut": false,
            "duration": 1,
            "state": "passed",
            "speed": "fast",
            "pass": true,
            "fail": false,
            "pending": false,
            "code": "const target = '\\\\\\\\';\nconst result = '<p>\\\\</p>';\nexpect(parse(target)).to.be.equal(result);",
            "err": {},
            "isRoot": false,
            "uuid": "4000fb56-fc22-4b76-ba1e-02d8c11af991",
            "parentUUID": "62846891-d3bf-492d-901d-34aa558ffefa",
            "isHook": false,
            "skipped": false
          },
          {
            "title": "* Escape",
            "fullTitle": "Escape Test * Escape",
            "timedOut": false,
            "duration": 1,
            "state": "passed",
            "speed": "fast",
            "pass": true,
            "fail": false,
            "pending": false,
            "code": "const target = '*\\\\**';\nconst result = '<p><em>*</em></p>';\nexpect(parse(target)).to.be.equal(result);",
            "err": {},
            "isRoot": false,
            "uuid": "936957da-3335-4b44-8026-8977f59c197d",
            "parentUUID": "62846891-d3bf-492d-901d-34aa558ffefa",
            "isHook": false,
            "skipped": false
          },
          {
            "title": "_ Escape",
            "fullTitle": "Escape Test _ Escape",
            "timedOut": false,
            "duration": 4,
            "state": "passed",
            "speed": "fast",
            "pass": true,
            "fail": false,
            "pending": false,
            "code": "const target = '__\\\\___';\nconst result = '<p><strong>_</strong></p>';\nexpect(parse(target)).to.be.equal(result);",
            "err": {},
            "isRoot": false,
            "uuid": "ddabc71a-ee1d-4b53-a442-79844ea3f675",
            "parentUUID": "62846891-d3bf-492d-901d-34aa558ffefa",
            "isHook": false,
            "skipped": false
          },
          {
            "title": "[] Escape",
            "fullTitle": "Escape Test [] Escape",
            "timedOut": false,
            "duration": 0,
            "state": "passed",
            "speed": "fast",
            "pass": true,
            "fail": false,
            "pending": false,
            "code": "const target = '!\\\\[\\\\]()';\nconst result = '<p>![]()</p>';\nexpect(parse(target)).to.be.equal(result);",
            "err": {},
            "isRoot": false,
            "uuid": "b1a8c5cc-e20a-4000-8aca-fb494f3e3631",
            "parentUUID": "62846891-d3bf-492d-901d-34aa558ffefa",
            "isHook": false,
            "skipped": false
          },
          {
            "title": "! Escape",
            "fullTitle": "Escape Test ! Escape",
            "timedOut": false,
            "duration": 1,
            "state": "passed",
            "speed": "fast",
            "pass": true,
            "fail": false,
            "pending": false,
            "code": "const target = '\\\\![link]()';\nconst result = '<p>!<a href=\"\" target=\"_blank\">link</a></p>';\nexpect(parse(target)).to.be.equal(result);",
            "err": {},
            "isRoot": false,
            "uuid": "8734bc3d-9f08-495f-b996-d70cf427f008",
            "parentUUID": "62846891-d3bf-492d-901d-34aa558ffefa",
            "isHook": false,
            "skipped": false
          },
          {
            "title": "# Escape",
            "fullTitle": "Escape Test # Escape",
            "timedOut": false,
            "duration": 1,
            "state": "passed",
            "speed": "fast",
            "pass": true,
            "fail": false,
            "pending": false,
            "code": "const target = '# \\#hello';\nconst result = '<h1>#hello</h1>';\nexpect(parse(target)).to.be.equal(result);",
            "err": {},
            "isRoot": false,
            "uuid": "c4100ce8-4e77-4f40-8bb7-1533847514fa",
            "parentUUID": "62846891-d3bf-492d-901d-34aa558ffefa",
            "isHook": false,
            "skipped": false
          }
        ],
        "failures": [],
        "skipped": [],
        "hasBeforeHooks": false,
        "hasAfterHooks": false,
        "hasTests": true,
        "hasSuites": false,
        "totalTests": 7,
        "totalPasses": 7,
        "totalFailures": 0,
        "totalPending": 0,
        "totalSkipped": 0,
        "hasPasses": true,
        "hasFailures": false,
        "hasPending": false,
        "hasSkipped": false,
        "duration": 9,
        "rootEmpty": false
      },
      {
        "title": "List Test",
        "suites": [],
        "tests": [
          {
            "title": "Simple List",
            "fullTitle": "List Test Simple List",
            "timedOut": false,
            "duration": 9,
            "state": "passed",
            "speed": "fast",
            "pass": true,
            "fail": false,
            "pending": false,
            "code": "const all =  getMDAndHTML('list', __dirname);\nconst html = parse(all.target);\nexpect(html.replace(/[\\t ]*[\\n\\r][\\t ]*/g, '')).to.be.equal(all.result);",
            "err": {},
            "isRoot": false,
            "uuid": "fc5a199c-7815-4d51-adaa-7079b534717e",
            "parentUUID": "9f83c080-51ea-4ab1-b144-1adf97d80479",
            "isHook": false,
            "skipped": false
          },
          {
            "title": "Nest List",
            "fullTitle": "List Test Nest List",
            "timedOut": false,
            "duration": 30,
            "state": "passed",
            "speed": "fast",
            "pass": true,
            "fail": false,
            "pending": false,
            "code": "const all =  getMDAndHTML('nest-list', __dirname);\nconst html = parse(all.target);\nexpect(html.replace(/[\\t ]*[\\n\\r][\\t ]*/g, '')).to.be.equal(all.result);",
            "err": {},
            "isRoot": false,
            "uuid": "e0510eca-04ef-42f2-8fb0-25f6d8c93491",
            "parentUUID": "9f83c080-51ea-4ab1-b144-1adf97d80479",
            "isHook": false,
            "skipped": false
          },
          {
            "title": "Order List",
            "fullTitle": "List Test Order List",
            "timedOut": false,
            "duration": 3,
            "state": "passed",
            "speed": "fast",
            "pass": true,
            "fail": false,
            "pending": false,
            "code": "const all =  getMDAndHTML('order-list', __dirname);\nconst html = parse(all.target);\nexpect(html.replace(/[\\t ]*[\\n\\r][\\t ]*/g, '')).to.be.equal(all.result);",
            "err": {},
            "isRoot": false,
            "uuid": "37b6e2b7-a938-4665-a3df-a89d25d7172c",
            "parentUUID": "9f83c080-51ea-4ab1-b144-1adf97d80479",
            "isHook": false,
            "skipped": false
          },
          {
            "title": "Complex List",
            "fullTitle": "List Test Complex List",
            "timedOut": false,
            "duration": 2,
            "state": "passed",
            "speed": "fast",
            "pass": true,
            "fail": false,
            "pending": false,
            "code": "const all =  getMDAndHTML('complex-list', __dirname);\nconst html = parse(all.target);\nexpect(html.replace(/[\\t ]*[\\n\\r][\\t ]*/g, '')).to.be.equal(all.result);",
            "err": {},
            "isRoot": false,
            "uuid": "afd4b132-3bcb-43b7-90b6-145ccd0ed763",
            "parentUUID": "9f83c080-51ea-4ab1-b144-1adf97d80479",
            "isHook": false,
            "skipped": false
          }
        ],
        "pending": [],
        "root": false,
        "_timeout": 2000,
        "file": "/test/list/index.js",
        "uuid": "9f83c080-51ea-4ab1-b144-1adf97d80479",
        "beforeHooks": [],
        "afterHooks": [],
        "fullFile": "/home/jeffwang/fe/extendown/test/list/index.js",
        "passes": [
          {
            "title": "Simple List",
            "fullTitle": "List Test Simple List",
            "timedOut": false,
            "duration": 9,
            "state": "passed",
            "speed": "fast",
            "pass": true,
            "fail": false,
            "pending": false,
            "code": "const all =  getMDAndHTML('list', __dirname);\nconst html = parse(all.target);\nexpect(html.replace(/[\\t ]*[\\n\\r][\\t ]*/g, '')).to.be.equal(all.result);",
            "err": {},
            "isRoot": false,
            "uuid": "fc5a199c-7815-4d51-adaa-7079b534717e",
            "parentUUID": "9f83c080-51ea-4ab1-b144-1adf97d80479",
            "isHook": false,
            "skipped": false
          },
          {
            "title": "Nest List",
            "fullTitle": "List Test Nest List",
            "timedOut": false,
            "duration": 30,
            "state": "passed",
            "speed": "fast",
            "pass": true,
            "fail": false,
            "pending": false,
            "code": "const all =  getMDAndHTML('nest-list', __dirname);\nconst html = parse(all.target);\nexpect(html.replace(/[\\t ]*[\\n\\r][\\t ]*/g, '')).to.be.equal(all.result);",
            "err": {},
            "isRoot": false,
            "uuid": "e0510eca-04ef-42f2-8fb0-25f6d8c93491",
            "parentUUID": "9f83c080-51ea-4ab1-b144-1adf97d80479",
            "isHook": false,
            "skipped": false
          },
          {
            "title": "Order List",
            "fullTitle": "List Test Order List",
            "timedOut": false,
            "duration": 3,
            "state": "passed",
            "speed": "fast",
            "pass": true,
            "fail": false,
            "pending": false,
            "code": "const all =  getMDAndHTML('order-list', __dirname);\nconst html = parse(all.target);\nexpect(html.replace(/[\\t ]*[\\n\\r][\\t ]*/g, '')).to.be.equal(all.result);",
            "err": {},
            "isRoot": false,
            "uuid": "37b6e2b7-a938-4665-a3df-a89d25d7172c",
            "parentUUID": "9f83c080-51ea-4ab1-b144-1adf97d80479",
            "isHook": false,
            "skipped": false
          },
          {
            "title": "Complex List",
            "fullTitle": "List Test Complex List",
            "timedOut": false,
            "duration": 2,
            "state": "passed",
            "speed": "fast",
            "pass": true,
            "fail": false,
            "pending": false,
            "code": "const all =  getMDAndHTML('complex-list', __dirname);\nconst html = parse(all.target);\nexpect(html.replace(/[\\t ]*[\\n\\r][\\t ]*/g, '')).to.be.equal(all.result);",
            "err": {},
            "isRoot": false,
            "uuid": "afd4b132-3bcb-43b7-90b6-145ccd0ed763",
            "parentUUID": "9f83c080-51ea-4ab1-b144-1adf97d80479",
            "isHook": false,
            "skipped": false
          }
        ],
        "failures": [],
        "skipped": [],
        "hasBeforeHooks": false,
        "hasAfterHooks": false,
        "hasTests": true,
        "hasSuites": false,
        "totalTests": 4,
        "totalPasses": 4,
        "totalFailures": 0,
        "totalPending": 0,
        "totalSkipped": 0,
        "hasPasses": true,
        "hasFailures": false,
        "hasPending": false,
        "hasSkipped": false,
        "duration": 44,
        "rootEmpty": false
      },
      {
        "title": "Table Test",
        "suites": [],
        "tests": [
          {
            "title": "Simple Table",
            "fullTitle": "Table Test Simple Table",
            "timedOut": false,
            "duration": 4,
            "state": "passed",
            "speed": "fast",
            "pass": true,
            "fail": false,
            "pending": false,
            "code": "const all =  getMDAndHTML('simple', __dirname);\nconst str = parse(all.target);\nexpect(removeLineBreak(str)).to.be.equal(all.result);",
            "err": {},
            "isRoot": false,
            "uuid": "2cdb9c34-15da-4e3f-b881-6228344cc7d6",
            "parentUUID": "32ef7386-350b-4ea9-8e5d-abef799ef798",
            "isHook": false,
            "skipped": false
          },
          {
            "title": "Inline Table",
            "fullTitle": "Table Test Inline Table",
            "timedOut": false,
            "duration": 4,
            "state": "passed",
            "speed": "fast",
            "pass": true,
            "fail": false,
            "pending": false,
            "code": "const all =  getMDAndHTML('inline', __dirname);\nconst str = parse(all.target);\nexpect(removeLineBreak(str)).to.be.equal(all.result);",
            "err": {},
            "isRoot": false,
            "uuid": "eaf80701-f1d9-4ee7-84e2-85dae5ae69b3",
            "parentUUID": "32ef7386-350b-4ea9-8e5d-abef799ef798",
            "isHook": false,
            "skipped": false
          },
          {
            "title": "Complex Table",
            "fullTitle": "Table Test Complex Table",
            "timedOut": false,
            "duration": 11,
            "state": "passed",
            "speed": "fast",
            "pass": true,
            "fail": false,
            "pending": false,
            "code": "const all =  getMDAndHTML('complex', __dirname);\nconst str = parse(all.target);\nexpect(removeLineBreak(str)).to.be.equal(all.result);",
            "err": {},
            "isRoot": false,
            "uuid": "a2474d63-a4d9-4282-821c-b97ba7218bd2",
            "parentUUID": "32ef7386-350b-4ea9-8e5d-abef799ef798",
            "isHook": false,
            "skipped": false
          }
        ],
        "pending": [],
        "root": false,
        "_timeout": 2000,
        "file": "/test/table/index.js",
        "uuid": "32ef7386-350b-4ea9-8e5d-abef799ef798",
        "beforeHooks": [],
        "afterHooks": [],
        "fullFile": "/home/jeffwang/fe/extendown/test/table/index.js",
        "passes": [
          {
            "title": "Simple Table",
            "fullTitle": "Table Test Simple Table",
            "timedOut": false,
            "duration": 4,
            "state": "passed",
            "speed": "fast",
            "pass": true,
            "fail": false,
            "pending": false,
            "code": "const all =  getMDAndHTML('simple', __dirname);\nconst str = parse(all.target);\nexpect(removeLineBreak(str)).to.be.equal(all.result);",
            "err": {},
            "isRoot": false,
            "uuid": "2cdb9c34-15da-4e3f-b881-6228344cc7d6",
            "parentUUID": "32ef7386-350b-4ea9-8e5d-abef799ef798",
            "isHook": false,
            "skipped": false
          },
          {
            "title": "Inline Table",
            "fullTitle": "Table Test Inline Table",
            "timedOut": false,
            "duration": 4,
            "state": "passed",
            "speed": "fast",
            "pass": true,
            "fail": false,
            "pending": false,
            "code": "const all =  getMDAndHTML('inline', __dirname);\nconst str = parse(all.target);\nexpect(removeLineBreak(str)).to.be.equal(all.result);",
            "err": {},
            "isRoot": false,
            "uuid": "eaf80701-f1d9-4ee7-84e2-85dae5ae69b3",
            "parentUUID": "32ef7386-350b-4ea9-8e5d-abef799ef798",
            "isHook": false,
            "skipped": false
          },
          {
            "title": "Complex Table",
            "fullTitle": "Table Test Complex Table",
            "timedOut": false,
            "duration": 11,
            "state": "passed",
            "speed": "fast",
            "pass": true,
            "fail": false,
            "pending": false,
            "code": "const all =  getMDAndHTML('complex', __dirname);\nconst str = parse(all.target);\nexpect(removeLineBreak(str)).to.be.equal(all.result);",
            "err": {},
            "isRoot": false,
            "uuid": "a2474d63-a4d9-4282-821c-b97ba7218bd2",
            "parentUUID": "32ef7386-350b-4ea9-8e5d-abef799ef798",
            "isHook": false,
            "skipped": false
          }
        ],
        "failures": [],
        "skipped": [],
        "hasBeforeHooks": false,
        "hasAfterHooks": false,
        "hasTests": true,
        "hasSuites": false,
        "totalTests": 3,
        "totalPasses": 3,
        "totalFailures": 0,
        "totalPending": 0,
        "totalSkipped": 0,
        "hasPasses": true,
        "hasFailures": false,
        "hasPending": false,
        "hasSkipped": false,
        "duration": 19,
        "rootEmpty": false
      },
      {
        "title": "header test",
        "suites": [],
        "tests": [
          {
            "title": "header test 1",
            "fullTitle": "header test header test 1",
            "timedOut": false,
            "duration": 0,
            "state": "passed",
            "speed": "fast",
            "pass": true,
            "fail": false,
            "pending": false,
            "code": "var extend = new Extendown(\"### header\");\nexpect(extend.getHTML()).to.be.equal(\"<h3>header</h3>\");",
            "err": {},
            "isRoot": false,
            "uuid": "7ee5d57a-e2f5-4669-9715-2a3cff205b4b",
            "parentUUID": "027238ab-84d4-45e7-8583-c83fdae366d2",
            "isHook": false,
            "skipped": false
          },
          {
            "title": "header test 2",
            "fullTitle": "header test header test 2",
            "timedOut": false,
            "duration": 2,
            "state": "passed",
            "speed": "fast",
            "pass": true,
            "fail": false,
            "pending": false,
            "code": "var extend = new Extendown(\"###header\");\nexpect(extend.getHTML()).to.be.equal(\"<p>###header</p>\");",
            "err": {},
            "isRoot": false,
            "uuid": "b11f5ce1-4282-43f6-b0ed-f60c0fa3cf83",
            "parentUUID": "027238ab-84d4-45e7-8583-c83fdae366d2",
            "isHook": false,
            "skipped": false
          },
          {
            "title": "header test 3",
            "fullTitle": "header test header test 3",
            "timedOut": false,
            "duration": 0,
            "state": "passed",
            "speed": "fast",
            "pass": true,
            "fail": false,
            "pending": false,
            "code": "var extend = new Extendown(\"###   header\\n\\nparas\\nparas\\n## header\");\nexpect(extend.getHTML()).to.be.equal(\"<h3>header</h3>\\n\\n<p>paras\\nparas</p>\\n<h2>header</h2>\");",
            "err": {},
            "isRoot": false,
            "uuid": "82c21496-26f5-471c-95ab-d71a2f0b491a",
            "parentUUID": "027238ab-84d4-45e7-8583-c83fdae366d2",
            "isHook": false,
            "skipped": false
          },
          {
            "title": "header test 4",
            "fullTitle": "header test header test 4",
            "timedOut": false,
            "duration": 1,
            "state": "passed",
            "speed": "fast",
            "pass": true,
            "fail": false,
            "pending": false,
            "code": "var extend = new Extendown(\"###   header\\nparas\\nparas\\n\\n\\n ## header\");\nexpect(extend.getHTML()).to.be.equal(\"<h3>header</h3>\\n<p>paras\\nparas\\n\\n</p>\\n<h2>header</h2>\");",
            "err": {},
            "isRoot": false,
            "uuid": "75f260a8-d4ac-4fbc-af80-c6ff5de2c52f",
            "parentUUID": "027238ab-84d4-45e7-8583-c83fdae366d2",
            "isHook": false,
            "skipped": false
          },
          {
            "title": "header test 5",
            "fullTitle": "header test header test 5",
            "timedOut": false,
            "duration": 0,
            "state": "passed",
            "speed": "fast",
            "pass": true,
            "fail": false,
            "pending": false,
            "code": "var extend = new Extendown(\"\\n  ###   header\\n\");\nexpect(extend.getHTML()).to.be.equal(\"\\n<h3>header</h3>\\n\");",
            "err": {},
            "isRoot": false,
            "uuid": "7430c032-a1dd-46b0-a2f6-e29d4c632e46",
            "parentUUID": "027238ab-84d4-45e7-8583-c83fdae366d2",
            "isHook": false,
            "skipped": false
          }
        ],
        "pending": [],
        "root": false,
        "_timeout": 2000,
        "file": "/test/block.test.js",
        "uuid": "027238ab-84d4-45e7-8583-c83fdae366d2",
        "beforeHooks": [],
        "afterHooks": [],
        "fullFile": "/home/jeffwang/fe/extendown/test/block.test.js",
        "passes": [
          {
            "title": "header test 1",
            "fullTitle": "header test header test 1",
            "timedOut": false,
            "duration": 0,
            "state": "passed",
            "speed": "fast",
            "pass": true,
            "fail": false,
            "pending": false,
            "code": "var extend = new Extendown(\"### header\");\nexpect(extend.getHTML()).to.be.equal(\"<h3>header</h3>\");",
            "err": {},
            "isRoot": false,
            "uuid": "7ee5d57a-e2f5-4669-9715-2a3cff205b4b",
            "parentUUID": "027238ab-84d4-45e7-8583-c83fdae366d2",
            "isHook": false,
            "skipped": false
          },
          {
            "title": "header test 2",
            "fullTitle": "header test header test 2",
            "timedOut": false,
            "duration": 2,
            "state": "passed",
            "speed": "fast",
            "pass": true,
            "fail": false,
            "pending": false,
            "code": "var extend = new Extendown(\"###header\");\nexpect(extend.getHTML()).to.be.equal(\"<p>###header</p>\");",
            "err": {},
            "isRoot": false,
            "uuid": "b11f5ce1-4282-43f6-b0ed-f60c0fa3cf83",
            "parentUUID": "027238ab-84d4-45e7-8583-c83fdae366d2",
            "isHook": false,
            "skipped": false
          },
          {
            "title": "header test 3",
            "fullTitle": "header test header test 3",
            "timedOut": false,
            "duration": 0,
            "state": "passed",
            "speed": "fast",
            "pass": true,
            "fail": false,
            "pending": false,
            "code": "var extend = new Extendown(\"###   header\\n\\nparas\\nparas\\n## header\");\nexpect(extend.getHTML()).to.be.equal(\"<h3>header</h3>\\n\\n<p>paras\\nparas</p>\\n<h2>header</h2>\");",
            "err": {},
            "isRoot": false,
            "uuid": "82c21496-26f5-471c-95ab-d71a2f0b491a",
            "parentUUID": "027238ab-84d4-45e7-8583-c83fdae366d2",
            "isHook": false,
            "skipped": false
          },
          {
            "title": "header test 4",
            "fullTitle": "header test header test 4",
            "timedOut": false,
            "duration": 1,
            "state": "passed",
            "speed": "fast",
            "pass": true,
            "fail": false,
            "pending": false,
            "code": "var extend = new Extendown(\"###   header\\nparas\\nparas\\n\\n\\n ## header\");\nexpect(extend.getHTML()).to.be.equal(\"<h3>header</h3>\\n<p>paras\\nparas\\n\\n</p>\\n<h2>header</h2>\");",
            "err": {},
            "isRoot": false,
            "uuid": "75f260a8-d4ac-4fbc-af80-c6ff5de2c52f",
            "parentUUID": "027238ab-84d4-45e7-8583-c83fdae366d2",
            "isHook": false,
            "skipped": false
          },
          {
            "title": "header test 5",
            "fullTitle": "header test header test 5",
            "timedOut": false,
            "duration": 0,
            "state": "passed",
            "speed": "fast",
            "pass": true,
            "fail": false,
            "pending": false,
            "code": "var extend = new Extendown(\"\\n  ###   header\\n\");\nexpect(extend.getHTML()).to.be.equal(\"\\n<h3>header</h3>\\n\");",
            "err": {},
            "isRoot": false,
            "uuid": "7430c032-a1dd-46b0-a2f6-e29d4c632e46",
            "parentUUID": "027238ab-84d4-45e7-8583-c83fdae366d2",
            "isHook": false,
            "skipped": false
          }
        ],
        "failures": [],
        "skipped": [],
        "hasBeforeHooks": false,
        "hasAfterHooks": false,
        "hasTests": true,
        "hasSuites": false,
        "totalTests": 5,
        "totalPasses": 5,
        "totalFailures": 0,
        "totalPending": 0,
        "totalSkipped": 0,
        "hasPasses": true,
        "hasFailures": false,
        "hasPending": false,
        "hasSkipped": false,
        "duration": 3,
        "rootEmpty": false
      },
      {
        "title": "SplitLine Test",
        "suites": [],
        "tests": [
          {
            "title": "SplitLine Test1",
            "fullTitle": "SplitLine Test SplitLine Test1",
            "timedOut": false,
            "duration": 1,
            "state": "passed",
            "speed": "fast",
            "pass": true,
            "fail": false,
            "pending": false,
            "code": "var extend = new Extendown(\"***\\n\\nsplitline\");\nexpect(extend.getHTML()).to.be.equal(\"<hr></hr>\\n\\n<p>splitline</p>\");",
            "err": {},
            "isRoot": false,
            "uuid": "2c411170-85e4-42b5-88e0-afd9f93f0688",
            "parentUUID": "1c5e4bd7-6d1d-429b-a8b4-1e1815c89df8",
            "isHook": false,
            "skipped": false
          },
          {
            "title": "SplitLine Test2",
            "fullTitle": "SplitLine Test SplitLine Test2",
            "timedOut": false,
            "duration": 1,
            "state": "passed",
            "speed": "fast",
            "pass": true,
            "fail": false,
            "pending": false,
            "code": "var extend = new Extendown(\"up\\n***\\ndown\");\nexpect(extend.getHTML()).to.be.equal(\"<p>up</p>\\n<hr></hr>\\n<p>down</p>\");",
            "err": {},
            "isRoot": false,
            "uuid": "db9952ee-9195-476e-997a-5a6f1cf1da96",
            "parentUUID": "1c5e4bd7-6d1d-429b-a8b4-1e1815c89df8",
            "isHook": false,
            "skipped": false
          },
          {
            "title": "SplitLine Test3",
            "fullTitle": "SplitLine Test SplitLine Test3",
            "timedOut": false,
            "duration": 0,
            "state": "passed",
            "speed": "fast",
            "pass": true,
            "fail": false,
            "pending": false,
            "code": "var extend = new Extendown(\"*  * *\");\nexpect(extend.getHTML()).to.be.equal(\"<hr></hr>\");",
            "err": {},
            "isRoot": false,
            "uuid": "07403f35-762f-42df-a364-21c63951bc67",
            "parentUUID": "1c5e4bd7-6d1d-429b-a8b4-1e1815c89df8",
            "isHook": false,
            "skipped": false
          },
          {
            "title": "SplitLine Test4",
            "fullTitle": "SplitLine Test SplitLine Test4",
            "timedOut": false,
            "duration": 0,
            "state": "passed",
            "speed": "fast",
            "pass": true,
            "fail": false,
            "pending": false,
            "code": "var extend = new Extendown(\"----\");\nexpect(extend.getHTML()).to.be.equal(\"<hr></hr>\");",
            "err": {},
            "isRoot": false,
            "uuid": "75db4eed-118b-49c9-a8ce-def3c94de0c2",
            "parentUUID": "1c5e4bd7-6d1d-429b-a8b4-1e1815c89df8",
            "isHook": false,
            "skipped": false
          }
        ],
        "pending": [],
        "root": false,
        "_timeout": 2000,
        "file": "/test/block.test.js",
        "uuid": "1c5e4bd7-6d1d-429b-a8b4-1e1815c89df8",
        "beforeHooks": [],
        "afterHooks": [],
        "fullFile": "/home/jeffwang/fe/extendown/test/block.test.js",
        "passes": [
          {
            "title": "SplitLine Test1",
            "fullTitle": "SplitLine Test SplitLine Test1",
            "timedOut": false,
            "duration": 1,
            "state": "passed",
            "speed": "fast",
            "pass": true,
            "fail": false,
            "pending": false,
            "code": "var extend = new Extendown(\"***\\n\\nsplitline\");\nexpect(extend.getHTML()).to.be.equal(\"<hr></hr>\\n\\n<p>splitline</p>\");",
            "err": {},
            "isRoot": false,
            "uuid": "2c411170-85e4-42b5-88e0-afd9f93f0688",
            "parentUUID": "1c5e4bd7-6d1d-429b-a8b4-1e1815c89df8",
            "isHook": false,
            "skipped": false
          },
          {
            "title": "SplitLine Test2",
            "fullTitle": "SplitLine Test SplitLine Test2",
            "timedOut": false,
            "duration": 1,
            "state": "passed",
            "speed": "fast",
            "pass": true,
            "fail": false,
            "pending": false,
            "code": "var extend = new Extendown(\"up\\n***\\ndown\");\nexpect(extend.getHTML()).to.be.equal(\"<p>up</p>\\n<hr></hr>\\n<p>down</p>\");",
            "err": {},
            "isRoot": false,
            "uuid": "db9952ee-9195-476e-997a-5a6f1cf1da96",
            "parentUUID": "1c5e4bd7-6d1d-429b-a8b4-1e1815c89df8",
            "isHook": false,
            "skipped": false
          },
          {
            "title": "SplitLine Test3",
            "fullTitle": "SplitLine Test SplitLine Test3",
            "timedOut": false,
            "duration": 0,
            "state": "passed",
            "speed": "fast",
            "pass": true,
            "fail": false,
            "pending": false,
            "code": "var extend = new Extendown(\"*  * *\");\nexpect(extend.getHTML()).to.be.equal(\"<hr></hr>\");",
            "err": {},
            "isRoot": false,
            "uuid": "07403f35-762f-42df-a364-21c63951bc67",
            "parentUUID": "1c5e4bd7-6d1d-429b-a8b4-1e1815c89df8",
            "isHook": false,
            "skipped": false
          },
          {
            "title": "SplitLine Test4",
            "fullTitle": "SplitLine Test SplitLine Test4",
            "timedOut": false,
            "duration": 0,
            "state": "passed",
            "speed": "fast",
            "pass": true,
            "fail": false,
            "pending": false,
            "code": "var extend = new Extendown(\"----\");\nexpect(extend.getHTML()).to.be.equal(\"<hr></hr>\");",
            "err": {},
            "isRoot": false,
            "uuid": "75db4eed-118b-49c9-a8ce-def3c94de0c2",
            "parentUUID": "1c5e4bd7-6d1d-429b-a8b4-1e1815c89df8",
            "isHook": false,
            "skipped": false
          }
        ],
        "failures": [],
        "skipped": [],
        "hasBeforeHooks": false,
        "hasAfterHooks": false,
        "hasTests": true,
        "hasSuites": false,
        "totalTests": 4,
        "totalPasses": 4,
        "totalFailures": 0,
        "totalPending": 0,
        "totalSkipped": 0,
        "hasPasses": true,
        "hasFailures": false,
        "hasPending": false,
        "hasSkipped": false,
        "duration": 2,
        "rootEmpty": false
      },
      {
        "title": "Blockquote Test",
        "suites": [],
        "tests": [
          {
            "title": "Blockquote Test 1",
            "fullTitle": "Blockquote Test Blockquote Test 1",
            "timedOut": false,
            "duration": 1,
            "state": "passed",
            "speed": "fast",
            "pass": true,
            "fail": false,
            "pending": false,
            "code": "var extend = new Extendown(\"> block\");\nexpect(extend.getHTML()).to.be.equal(\"<blockquote><p>block</p></blockquote>\");",
            "err": {},
            "isRoot": false,
            "uuid": "3646b48a-b8c6-480c-a051-0cacfb6f4c87",
            "parentUUID": "8d22ad9b-4010-4eb5-9fda-424fbfe9e572",
            "isHook": false,
            "skipped": false
          },
          {
            "title": "Blockquote Test 2",
            "fullTitle": "Blockquote Test Blockquote Test 2",
            "timedOut": false,
            "duration": 1,
            "state": "passed",
            "speed": "fast",
            "pass": true,
            "fail": false,
            "pending": false,
            "code": "var extend = new Extendown(\"> block\\n\\npara\");\nexpect(extend.getHTML()).to.be.equal(\"<blockquote><p>block</p></blockquote><p>para</p>\");",
            "err": {},
            "isRoot": false,
            "uuid": "a5332c0d-aa03-4ed3-bdb5-9069b860af01",
            "parentUUID": "8d22ad9b-4010-4eb5-9fda-424fbfe9e572",
            "isHook": false,
            "skipped": false
          },
          {
            "title": "Blockquote Test 3",
            "fullTitle": "Blockquote Test Blockquote Test 3",
            "timedOut": false,
            "duration": 0,
            "state": "passed",
            "speed": "fast",
            "pass": true,
            "fail": false,
            "pending": false,
            "code": "var extend = new Extendown(\"\\n > block\\n\\npara\");\nexpect(extend.getHTML()).to.be.equal(\"\\n<blockquote><p>block</p></blockquote><p>para</p>\");",
            "err": {},
            "isRoot": false,
            "uuid": "d38edca1-70ef-49ed-ba9d-079c1b60ac47",
            "parentUUID": "8d22ad9b-4010-4eb5-9fda-424fbfe9e572",
            "isHook": false,
            "skipped": false
          }
        ],
        "pending": [],
        "root": false,
        "_timeout": 2000,
        "file": "/test/block.test.js",
        "uuid": "8d22ad9b-4010-4eb5-9fda-424fbfe9e572",
        "beforeHooks": [],
        "afterHooks": [],
        "fullFile": "/home/jeffwang/fe/extendown/test/block.test.js",
        "passes": [
          {
            "title": "Blockquote Test 1",
            "fullTitle": "Blockquote Test Blockquote Test 1",
            "timedOut": false,
            "duration": 1,
            "state": "passed",
            "speed": "fast",
            "pass": true,
            "fail": false,
            "pending": false,
            "code": "var extend = new Extendown(\"> block\");\nexpect(extend.getHTML()).to.be.equal(\"<blockquote><p>block</p></blockquote>\");",
            "err": {},
            "isRoot": false,
            "uuid": "3646b48a-b8c6-480c-a051-0cacfb6f4c87",
            "parentUUID": "8d22ad9b-4010-4eb5-9fda-424fbfe9e572",
            "isHook": false,
            "skipped": false
          },
          {
            "title": "Blockquote Test 2",
            "fullTitle": "Blockquote Test Blockquote Test 2",
            "timedOut": false,
            "duration": 1,
            "state": "passed",
            "speed": "fast",
            "pass": true,
            "fail": false,
            "pending": false,
            "code": "var extend = new Extendown(\"> block\\n\\npara\");\nexpect(extend.getHTML()).to.be.equal(\"<blockquote><p>block</p></blockquote><p>para</p>\");",
            "err": {},
            "isRoot": false,
            "uuid": "a5332c0d-aa03-4ed3-bdb5-9069b860af01",
            "parentUUID": "8d22ad9b-4010-4eb5-9fda-424fbfe9e572",
            "isHook": false,
            "skipped": false
          },
          {
            "title": "Blockquote Test 3",
            "fullTitle": "Blockquote Test Blockquote Test 3",
            "timedOut": false,
            "duration": 0,
            "state": "passed",
            "speed": "fast",
            "pass": true,
            "fail": false,
            "pending": false,
            "code": "var extend = new Extendown(\"\\n > block\\n\\npara\");\nexpect(extend.getHTML()).to.be.equal(\"\\n<blockquote><p>block</p></blockquote><p>para</p>\");",
            "err": {},
            "isRoot": false,
            "uuid": "d38edca1-70ef-49ed-ba9d-079c1b60ac47",
            "parentUUID": "8d22ad9b-4010-4eb5-9fda-424fbfe9e572",
            "isHook": false,
            "skipped": false
          }
        ],
        "failures": [],
        "skipped": [],
        "hasBeforeHooks": false,
        "hasAfterHooks": false,
        "hasTests": true,
        "hasSuites": false,
        "totalTests": 3,
        "totalPasses": 3,
        "totalFailures": 0,
        "totalPending": 0,
        "totalSkipped": 0,
        "hasPasses": true,
        "hasFailures": false,
        "hasPending": false,
        "hasSkipped": false,
        "duration": 2,
        "rootEmpty": false
      },
      {
        "title": "BlockCode Test",
        "suites": [],
        "tests": [
          {
            "title": "BlockCode Test 1",
            "fullTitle": "BlockCode Test BlockCode Test 1",
            "timedOut": false,
            "duration": 0,
            "state": "passed",
            "speed": "fast",
            "pass": true,
            "fail": false,
            "pending": false,
            "code": "var extend = new Extendown(\"```\\n```\");\nexpect(extend.getHTML()).to.be.equal(\"<pre><code class=\\\"code_language_\\\"></code></pre>\");",
            "err": {},
            "isRoot": false,
            "uuid": "8b0918e2-fe18-4ba4-ac2c-03a4514925cd",
            "parentUUID": "567c5927-3eab-4a53-a75e-9b4faec5cb98",
            "isHook": false,
            "skipped": false
          },
          {
            "title": "BlockCode Test 2",
            "fullTitle": "BlockCode Test BlockCode Test 2",
            "timedOut": false,
            "duration": 0,
            "state": "passed",
            "speed": "fast",
            "pass": true,
            "fail": false,
            "pending": false,
            "code": "var extend = new Extendown(\"``` javascript\\n```\");\nexpect(extend.getHTML()).to.be.equal(\"<pre><code class=\\\"code_language_javascript\\\"></code></pre>\");",
            "err": {},
            "isRoot": false,
            "uuid": "90d1bb92-7096-49d5-94a4-2e88c96f6c5f",
            "parentUUID": "567c5927-3eab-4a53-a75e-9b4faec5cb98",
            "isHook": false,
            "skipped": false
          },
          {
            "title": "BlockCode Test 3",
            "fullTitle": "BlockCode Test BlockCode Test 3",
            "timedOut": false,
            "duration": 4,
            "state": "passed",
            "speed": "fast",
            "pass": true,
            "fail": false,
            "pending": false,
            "code": "var extend = new Extendown(\"top\\n``` javascript\\ncode here\\n``` \\n bottom\");\nexpect(extend.getHTML()).to.be.equal(\"<p>top</p>\\n<pre><code class=\\\"code_language_javascript\\\">code here\\n</code></pre>\\n<p> bottom</p>\");",
            "err": {},
            "isRoot": false,
            "uuid": "fdca4f88-9cef-46f9-870b-2dff7cbff26b",
            "parentUUID": "567c5927-3eab-4a53-a75e-9b4faec5cb98",
            "isHook": false,
            "skipped": false
          },
          {
            "title": "BlockCode Test 4",
            "fullTitle": "BlockCode Test BlockCode Test 4",
            "timedOut": false,
            "duration": 0,
            "state": "passed",
            "speed": "fast",
            "pass": true,
            "fail": false,
            "pending": false,
            "code": "var extend = new Extendown(\"``` \\n#### hello\\n```\");\nexpect(extend.getHTML()).to.be.equal(\"<pre><code class=\\\"code_language_\\\">#### hello\\n</code></pre>\");",
            "err": {},
            "isRoot": false,
            "uuid": "c7330d72-3e60-4db8-a334-16fb6822e657",
            "parentUUID": "567c5927-3eab-4a53-a75e-9b4faec5cb98",
            "isHook": false,
            "skipped": false
          },
          {
            "title": "BlockCode Test 5",
            "fullTitle": "BlockCode Test BlockCode Test 5",
            "timedOut": false,
            "duration": 0,
            "state": "passed",
            "speed": "fast",
            "pass": true,
            "fail": false,
            "pending": false,
            "code": "var extend = new Extendown(\"``` \\nd```\");\nexpect(extend.getHTML()).to.be.equal(\"<p>``` \\nd```</p>\");",
            "err": {},
            "isRoot": false,
            "uuid": "fb0bd5b5-e4b8-484f-aa8c-0e73181b994d",
            "parentUUID": "567c5927-3eab-4a53-a75e-9b4faec5cb98",
            "isHook": false,
            "skipped": false
          },
          {
            "title": "BlockCode Test 6",
            "fullTitle": "BlockCode Test BlockCode Test 6",
            "timedOut": false,
            "duration": 0,
            "state": "passed",
            "speed": "fast",
            "pass": true,
            "fail": false,
            "pending": false,
            "code": "var extend = new Extendown(\"```\\n```\\n```\");\nexpect(extend.getHTML()).to.be.equal(\"<pre><code class=\\\"code_language_\\\"></code></pre>\\n<p>```</p>\");",
            "err": {},
            "isRoot": false,
            "uuid": "d4744929-1a50-42c7-b0d6-3a4259e06fa4",
            "parentUUID": "567c5927-3eab-4a53-a75e-9b4faec5cb98",
            "isHook": false,
            "skipped": false
          }
        ],
        "pending": [],
        "root": false,
        "_timeout": 2000,
        "file": "/test/block.test.js",
        "uuid": "567c5927-3eab-4a53-a75e-9b4faec5cb98",
        "beforeHooks": [],
        "afterHooks": [],
        "fullFile": "/home/jeffwang/fe/extendown/test/block.test.js",
        "passes": [
          {
            "title": "BlockCode Test 1",
            "fullTitle": "BlockCode Test BlockCode Test 1",
            "timedOut": false,
            "duration": 0,
            "state": "passed",
            "speed": "fast",
            "pass": true,
            "fail": false,
            "pending": false,
            "code": "var extend = new Extendown(\"```\\n```\");\nexpect(extend.getHTML()).to.be.equal(\"<pre><code class=\\\"code_language_\\\"></code></pre>\");",
            "err": {},
            "isRoot": false,
            "uuid": "8b0918e2-fe18-4ba4-ac2c-03a4514925cd",
            "parentUUID": "567c5927-3eab-4a53-a75e-9b4faec5cb98",
            "isHook": false,
            "skipped": false
          },
          {
            "title": "BlockCode Test 2",
            "fullTitle": "BlockCode Test BlockCode Test 2",
            "timedOut": false,
            "duration": 0,
            "state": "passed",
            "speed": "fast",
            "pass": true,
            "fail": false,
            "pending": false,
            "code": "var extend = new Extendown(\"``` javascript\\n```\");\nexpect(extend.getHTML()).to.be.equal(\"<pre><code class=\\\"code_language_javascript\\\"></code></pre>\");",
            "err": {},
            "isRoot": false,
            "uuid": "90d1bb92-7096-49d5-94a4-2e88c96f6c5f",
            "parentUUID": "567c5927-3eab-4a53-a75e-9b4faec5cb98",
            "isHook": false,
            "skipped": false
          },
          {
            "title": "BlockCode Test 3",
            "fullTitle": "BlockCode Test BlockCode Test 3",
            "timedOut": false,
            "duration": 4,
            "state": "passed",
            "speed": "fast",
            "pass": true,
            "fail": false,
            "pending": false,
            "code": "var extend = new Extendown(\"top\\n``` javascript\\ncode here\\n``` \\n bottom\");\nexpect(extend.getHTML()).to.be.equal(\"<p>top</p>\\n<pre><code class=\\\"code_language_javascript\\\">code here\\n</code></pre>\\n<p> bottom</p>\");",
            "err": {},
            "isRoot": false,
            "uuid": "fdca4f88-9cef-46f9-870b-2dff7cbff26b",
            "parentUUID": "567c5927-3eab-4a53-a75e-9b4faec5cb98",
            "isHook": false,
            "skipped": false
          },
          {
            "title": "BlockCode Test 4",
            "fullTitle": "BlockCode Test BlockCode Test 4",
            "timedOut": false,
            "duration": 0,
            "state": "passed",
            "speed": "fast",
            "pass": true,
            "fail": false,
            "pending": false,
            "code": "var extend = new Extendown(\"``` \\n#### hello\\n```\");\nexpect(extend.getHTML()).to.be.equal(\"<pre><code class=\\\"code_language_\\\">#### hello\\n</code></pre>\");",
            "err": {},
            "isRoot": false,
            "uuid": "c7330d72-3e60-4db8-a334-16fb6822e657",
            "parentUUID": "567c5927-3eab-4a53-a75e-9b4faec5cb98",
            "isHook": false,
            "skipped": false
          },
          {
            "title": "BlockCode Test 5",
            "fullTitle": "BlockCode Test BlockCode Test 5",
            "timedOut": false,
            "duration": 0,
            "state": "passed",
            "speed": "fast",
            "pass": true,
            "fail": false,
            "pending": false,
            "code": "var extend = new Extendown(\"``` \\nd```\");\nexpect(extend.getHTML()).to.be.equal(\"<p>``` \\nd```</p>\");",
            "err": {},
            "isRoot": false,
            "uuid": "fb0bd5b5-e4b8-484f-aa8c-0e73181b994d",
            "parentUUID": "567c5927-3eab-4a53-a75e-9b4faec5cb98",
            "isHook": false,
            "skipped": false
          },
          {
            "title": "BlockCode Test 6",
            "fullTitle": "BlockCode Test BlockCode Test 6",
            "timedOut": false,
            "duration": 0,
            "state": "passed",
            "speed": "fast",
            "pass": true,
            "fail": false,
            "pending": false,
            "code": "var extend = new Extendown(\"```\\n```\\n```\");\nexpect(extend.getHTML()).to.be.equal(\"<pre><code class=\\\"code_language_\\\"></code></pre>\\n<p>```</p>\");",
            "err": {},
            "isRoot": false,
            "uuid": "d4744929-1a50-42c7-b0d6-3a4259e06fa4",
            "parentUUID": "567c5927-3eab-4a53-a75e-9b4faec5cb98",
            "isHook": false,
            "skipped": false
          }
        ],
        "failures": [],
        "skipped": [],
        "hasBeforeHooks": false,
        "hasAfterHooks": false,
        "hasTests": true,
        "hasSuites": false,
        "totalTests": 6,
        "totalPasses": 6,
        "totalFailures": 0,
        "totalPending": 0,
        "totalSkipped": 0,
        "hasPasses": true,
        "hasFailures": false,
        "hasPending": false,
        "hasSkipped": false,
        "duration": 4,
        "rootEmpty": false
      },
      {
        "title": "Block Union Test",
        "suites": [],
        "tests": [
          {
            "title": "header+blockcode",
            "fullTitle": "Block Union Test header+blockcode",
            "timedOut": false,
            "duration": 0,
            "state": "passed",
            "speed": "fast",
            "pass": true,
            "fail": false,
            "pending": false,
            "code": "var extend = new Extendown(\"# header\\n```\\n```\");\nexpect(extend.getHTML()).to.be.equal(\"<h1>header</h1>\\n<pre><code class=\\\"code_language_\\\"></code></pre>\");",
            "err": {},
            "isRoot": false,
            "uuid": "8175ca7b-d344-404b-8244-755441160f12",
            "parentUUID": "42f8b1af-6981-4ef5-9e64-4cde32f0f135",
            "isHook": false,
            "skipped": false
          },
          {
            "title": "blockcode+blockquote",
            "fullTitle": "Block Union Test blockcode+blockquote",
            "timedOut": false,
            "duration": 0,
            "state": "passed",
            "speed": "fast",
            "pass": true,
            "fail": false,
            "pending": false,
            "code": "var extend = new Extendown(\"\\n```\\n```\\n  > block\\n\\npara\");\nexpect(extend.getHTML()).to.be.equal(\"\\n<pre><code class=\\\"code_language_\\\"></code></pre>\\n<blockquote><p>block</p></blockquote><p>para</p>\");",
            "err": {},
            "isRoot": false,
            "uuid": "5a18889f-2ac3-46f2-b656-3854f30c6f3e",
            "parentUUID": "42f8b1af-6981-4ef5-9e64-4cde32f0f135",
            "isHook": false,
            "skipped": false
          },
          {
            "title": "blockcode+splitline+header+blockquote",
            "fullTitle": "Block Union Test blockcode+splitline+header+blockquote",
            "timedOut": false,
            "duration": 5,
            "state": "passed",
            "speed": "fast",
            "pass": true,
            "fail": false,
            "pending": false,
            "code": "var md = fs.readFileSync('./test/blockunion.md', {encoding: 'utf-8'});\nvar result = fs.readFileSync('./test/blockunion.html', {encoding: 'utf-8'});\nvar extend = new Extendown(md);\nexpect(extend.getHTML()).to.be.equal(result);",
            "err": {},
            "isRoot": false,
            "uuid": "60864e53-43e1-4ca0-860b-6bca0a9aff80",
            "parentUUID": "42f8b1af-6981-4ef5-9e64-4cde32f0f135",
            "isHook": false,
            "skipped": false
          }
        ],
        "pending": [],
        "root": false,
        "_timeout": 2000,
        "file": "/test/block.test.js",
        "uuid": "42f8b1af-6981-4ef5-9e64-4cde32f0f135",
        "beforeHooks": [],
        "afterHooks": [],
        "fullFile": "/home/jeffwang/fe/extendown/test/block.test.js",
        "passes": [
          {
            "title": "header+blockcode",
            "fullTitle": "Block Union Test header+blockcode",
            "timedOut": false,
            "duration": 0,
            "state": "passed",
            "speed": "fast",
            "pass": true,
            "fail": false,
            "pending": false,
            "code": "var extend = new Extendown(\"# header\\n```\\n```\");\nexpect(extend.getHTML()).to.be.equal(\"<h1>header</h1>\\n<pre><code class=\\\"code_language_\\\"></code></pre>\");",
            "err": {},
            "isRoot": false,
            "uuid": "8175ca7b-d344-404b-8244-755441160f12",
            "parentUUID": "42f8b1af-6981-4ef5-9e64-4cde32f0f135",
            "isHook": false,
            "skipped": false
          },
          {
            "title": "blockcode+blockquote",
            "fullTitle": "Block Union Test blockcode+blockquote",
            "timedOut": false,
            "duration": 0,
            "state": "passed",
            "speed": "fast",
            "pass": true,
            "fail": false,
            "pending": false,
            "code": "var extend = new Extendown(\"\\n```\\n```\\n  > block\\n\\npara\");\nexpect(extend.getHTML()).to.be.equal(\"\\n<pre><code class=\\\"code_language_\\\"></code></pre>\\n<blockquote><p>block</p></blockquote><p>para</p>\");",
            "err": {},
            "isRoot": false,
            "uuid": "5a18889f-2ac3-46f2-b656-3854f30c6f3e",
            "parentUUID": "42f8b1af-6981-4ef5-9e64-4cde32f0f135",
            "isHook": false,
            "skipped": false
          },
          {
            "title": "blockcode+splitline+header+blockquote",
            "fullTitle": "Block Union Test blockcode+splitline+header+blockquote",
            "timedOut": false,
            "duration": 5,
            "state": "passed",
            "speed": "fast",
            "pass": true,
            "fail": false,
            "pending": false,
            "code": "var md = fs.readFileSync('./test/blockunion.md', {encoding: 'utf-8'});\nvar result = fs.readFileSync('./test/blockunion.html', {encoding: 'utf-8'});\nvar extend = new Extendown(md);\nexpect(extend.getHTML()).to.be.equal(result);",
            "err": {},
            "isRoot": false,
            "uuid": "60864e53-43e1-4ca0-860b-6bca0a9aff80",
            "parentUUID": "42f8b1af-6981-4ef5-9e64-4cde32f0f135",
            "isHook": false,
            "skipped": false
          }
        ],
        "failures": [],
        "skipped": [],
        "hasBeforeHooks": false,
        "hasAfterHooks": false,
        "hasTests": true,
        "hasSuites": false,
        "totalTests": 3,
        "totalPasses": 3,
        "totalFailures": 0,
        "totalPending": 0,
        "totalSkipped": 0,
        "hasPasses": true,
        "hasFailures": false,
        "hasPending": false,
        "hasSkipped": false,
        "duration": 5,
        "rootEmpty": false
      },
      {
        "title": "List Test",
        "suites": [],
        "tests": [
          {
            "title": "List Simple",
            "fullTitle": "List Test List Simple",
            "timedOut": false,
            "duration": 1,
            "state": "passed",
            "speed": "fast",
            "pass": true,
            "fail": false,
            "pending": false,
            "code": "var result = parse('1. List1\\n2. List2\\n+ List3\\n* List4\\n- List5');\nexpect(result).to.be.equal('<ol start=\"1\"><li>List1</li><li>List2</li></ol><ul><li>List3</li></ul><ul><li>List4</li></ul><ul><li>List5</li></ul>');",
            "err": {},
            "isRoot": false,
            "uuid": "ef0d024d-f5ab-4c5e-b12c-8dcc3f42ef96",
            "parentUUID": "fecc29e5-a673-481a-b974-66c7710fbd1f",
            "isHook": false,
            "skipped": false
          }
        ],
        "pending": [],
        "root": false,
        "_timeout": 2000,
        "file": "/test/block.test.js",
        "uuid": "fecc29e5-a673-481a-b974-66c7710fbd1f",
        "beforeHooks": [],
        "afterHooks": [],
        "fullFile": "/home/jeffwang/fe/extendown/test/block.test.js",
        "passes": [
          {
            "title": "List Simple",
            "fullTitle": "List Test List Simple",
            "timedOut": false,
            "duration": 1,
            "state": "passed",
            "speed": "fast",
            "pass": true,
            "fail": false,
            "pending": false,
            "code": "var result = parse('1. List1\\n2. List2\\n+ List3\\n* List4\\n- List5');\nexpect(result).to.be.equal('<ol start=\"1\"><li>List1</li><li>List2</li></ol><ul><li>List3</li></ul><ul><li>List4</li></ul><ul><li>List5</li></ul>');",
            "err": {},
            "isRoot": false,
            "uuid": "ef0d024d-f5ab-4c5e-b12c-8dcc3f42ef96",
            "parentUUID": "fecc29e5-a673-481a-b974-66c7710fbd1f",
            "isHook": false,
            "skipped": false
          }
        ],
        "failures": [],
        "skipped": [],
        "hasBeforeHooks": false,
        "hasAfterHooks": false,
        "hasTests": true,
        "hasSuites": false,
        "totalTests": 1,
        "totalPasses": 1,
        "totalFailures": 0,
        "totalPending": 0,
        "totalSkipped": 0,
        "hasPasses": true,
        "hasFailures": false,
        "hasPending": false,
        "hasSkipped": false,
        "duration": 1,
        "rootEmpty": false
      },
      {
        "title": "ItaticBoldTest",
        "suites": [],
        "tests": [
          {
            "title": "itatic test",
            "fullTitle": "ItaticBoldTest itatic test",
            "timedOut": false,
            "duration": 0,
            "state": "passed",
            "speed": "fast",
            "pass": true,
            "fail": false,
            "pending": false,
            "code": "var extend = new Extendown('*hello*');\nexpect(extend.getHTML()).to.be.equal('<p><em>hello</em></p>');",
            "err": {},
            "isRoot": false,
            "uuid": "e2b645db-4dbf-4f48-ad65-6350dfa25896",
            "parentUUID": "c7031a4f-a5ef-47d7-87f2-9cf36f2f2aed",
            "isHook": false,
            "skipped": false
          },
          {
            "title": "bold test",
            "fullTitle": "ItaticBoldTest bold test",
            "timedOut": false,
            "duration": 0,
            "state": "passed",
            "speed": "fast",
            "pass": true,
            "fail": false,
            "pending": false,
            "code": "var extend = new Extendown('__hello__');\nexpect(extend.getHTML()).to.be.equal('<p><strong>hello</strong></p>');",
            "err": {},
            "isRoot": false,
            "uuid": "c8f0acf3-cf65-4335-aef0-431a576ea950",
            "parentUUID": "c7031a4f-a5ef-47d7-87f2-9cf36f2f2aed",
            "isHook": false,
            "skipped": false
          },
          {
            "title": "itatic and bold test",
            "fullTitle": "ItaticBoldTest itatic and bold test",
            "timedOut": false,
            "duration": 1,
            "state": "passed",
            "speed": "fast",
            "pass": true,
            "fail": false,
            "pending": false,
            "code": "var extend = new Extendown('__hello*world*__');\nexpect(extend.getHTML()).to.be.equal('<p><strong>hello<em>world</em></strong></p>');",
            "err": {},
            "isRoot": false,
            "uuid": "a50471b7-ad4b-4170-8a4c-b245e3052aab",
            "parentUUID": "c7031a4f-a5ef-47d7-87f2-9cf36f2f2aed",
            "isHook": false,
            "skipped": false
          }
        ],
        "pending": [],
        "root": false,
        "_timeout": 2000,
        "file": "/test/inline.test.js",
        "uuid": "c7031a4f-a5ef-47d7-87f2-9cf36f2f2aed",
        "beforeHooks": [],
        "afterHooks": [],
        "fullFile": "/home/jeffwang/fe/extendown/test/inline.test.js",
        "passes": [
          {
            "title": "itatic test",
            "fullTitle": "ItaticBoldTest itatic test",
            "timedOut": false,
            "duration": 0,
            "state": "passed",
            "speed": "fast",
            "pass": true,
            "fail": false,
            "pending": false,
            "code": "var extend = new Extendown('*hello*');\nexpect(extend.getHTML()).to.be.equal('<p><em>hello</em></p>');",
            "err": {},
            "isRoot": false,
            "uuid": "e2b645db-4dbf-4f48-ad65-6350dfa25896",
            "parentUUID": "c7031a4f-a5ef-47d7-87f2-9cf36f2f2aed",
            "isHook": false,
            "skipped": false
          },
          {
            "title": "bold test",
            "fullTitle": "ItaticBoldTest bold test",
            "timedOut": false,
            "duration": 0,
            "state": "passed",
            "speed": "fast",
            "pass": true,
            "fail": false,
            "pending": false,
            "code": "var extend = new Extendown('__hello__');\nexpect(extend.getHTML()).to.be.equal('<p><strong>hello</strong></p>');",
            "err": {},
            "isRoot": false,
            "uuid": "c8f0acf3-cf65-4335-aef0-431a576ea950",
            "parentUUID": "c7031a4f-a5ef-47d7-87f2-9cf36f2f2aed",
            "isHook": false,
            "skipped": false
          },
          {
            "title": "itatic and bold test",
            "fullTitle": "ItaticBoldTest itatic and bold test",
            "timedOut": false,
            "duration": 1,
            "state": "passed",
            "speed": "fast",
            "pass": true,
            "fail": false,
            "pending": false,
            "code": "var extend = new Extendown('__hello*world*__');\nexpect(extend.getHTML()).to.be.equal('<p><strong>hello<em>world</em></strong></p>');",
            "err": {},
            "isRoot": false,
            "uuid": "a50471b7-ad4b-4170-8a4c-b245e3052aab",
            "parentUUID": "c7031a4f-a5ef-47d7-87f2-9cf36f2f2aed",
            "isHook": false,
            "skipped": false
          }
        ],
        "failures": [],
        "skipped": [],
        "hasBeforeHooks": false,
        "hasAfterHooks": false,
        "hasTests": true,
        "hasSuites": false,
        "totalTests": 3,
        "totalPasses": 3,
        "totalFailures": 0,
        "totalPending": 0,
        "totalSkipped": 0,
        "hasPasses": true,
        "hasFailures": false,
        "hasPending": false,
        "hasSkipped": false,
        "duration": 1,
        "rootEmpty": false
      },
      {
        "title": "Inline Code Test",
        "suites": [],
        "tests": [
          {
            "title": "inlineCode test 1",
            "fullTitle": "Inline Code Test inlineCode test 1",
            "timedOut": false,
            "duration": 0,
            "state": "passed",
            "speed": "fast",
            "pass": true,
            "fail": false,
            "pending": false,
            "code": "var extend = new Extendown('```hello```');\nexpect(extend.getHTML()).to.be.equal('<p><code>hello</code></p>');",
            "err": {},
            "isRoot": false,
            "uuid": "32845b0a-2b7e-4736-a7aa-e6ca6819a729",
            "parentUUID": "ce299568-d493-4038-b140-d98eed77390a",
            "isHook": false,
            "skipped": false
          },
          {
            "title": "inlineCode test 2",
            "fullTitle": "Inline Code Test inlineCode test 2",
            "timedOut": false,
            "duration": 1,
            "state": "passed",
            "speed": "fast",
            "pass": true,
            "fail": false,
            "pending": false,
            "code": "var extend = new Extendown('```he`llo```');\nexpect(extend.getHTML()).to.be.equal('<p><code>he`llo</code></p>');",
            "err": {},
            "isRoot": false,
            "uuid": "40ba3ffa-0593-48fd-a8c0-1332617c9a6f",
            "parentUUID": "ce299568-d493-4038-b140-d98eed77390a",
            "isHook": false,
            "skipped": false
          },
          {
            "title": "inlineCode test 3",
            "fullTitle": "Inline Code Test inlineCode test 3",
            "timedOut": false,
            "duration": 7,
            "state": "passed",
            "speed": "fast",
            "pass": true,
            "fail": false,
            "pending": false,
            "code": "var extend = new Extendown('```he`llo``` \\n ``hello`');\nexpect(extend.getHTML()).to.be.equal('<p><code>he`llo</code> \\n ``hello`</p>');",
            "err": {},
            "isRoot": false,
            "uuid": "3a549002-a423-4ac5-a130-bae77572c178",
            "parentUUID": "ce299568-d493-4038-b140-d98eed77390a",
            "isHook": false,
            "skipped": false
          },
          {
            "title": "inlineCode and ",
            "fullTitle": "Inline Code Test inlineCode and ",
            "timedOut": false,
            "duration": 0,
            "state": "passed",
            "speed": "fast",
            "pass": true,
            "fail": false,
            "pending": false,
            "code": "var extend = new Extendown('xxxxx```he`llo```xxxx');\nexpect(extend.getHTML()).to.be.equal('<p>xxxxx<code>he`llo</code>xxxx</p>');",
            "err": {},
            "isRoot": false,
            "uuid": "a86ee7e5-9d59-4da9-96c6-d7b9ade76038",
            "parentUUID": "ce299568-d493-4038-b140-d98eed77390a",
            "isHook": false,
            "skipped": false
          }
        ],
        "pending": [],
        "root": false,
        "_timeout": 2000,
        "file": "/test/inline.test.js",
        "uuid": "ce299568-d493-4038-b140-d98eed77390a",
        "beforeHooks": [],
        "afterHooks": [],
        "fullFile": "/home/jeffwang/fe/extendown/test/inline.test.js",
        "passes": [
          {
            "title": "inlineCode test 1",
            "fullTitle": "Inline Code Test inlineCode test 1",
            "timedOut": false,
            "duration": 0,
            "state": "passed",
            "speed": "fast",
            "pass": true,
            "fail": false,
            "pending": false,
            "code": "var extend = new Extendown('```hello```');\nexpect(extend.getHTML()).to.be.equal('<p><code>hello</code></p>');",
            "err": {},
            "isRoot": false,
            "uuid": "32845b0a-2b7e-4736-a7aa-e6ca6819a729",
            "parentUUID": "ce299568-d493-4038-b140-d98eed77390a",
            "isHook": false,
            "skipped": false
          },
          {
            "title": "inlineCode test 2",
            "fullTitle": "Inline Code Test inlineCode test 2",
            "timedOut": false,
            "duration": 1,
            "state": "passed",
            "speed": "fast",
            "pass": true,
            "fail": false,
            "pending": false,
            "code": "var extend = new Extendown('```he`llo```');\nexpect(extend.getHTML()).to.be.equal('<p><code>he`llo</code></p>');",
            "err": {},
            "isRoot": false,
            "uuid": "40ba3ffa-0593-48fd-a8c0-1332617c9a6f",
            "parentUUID": "ce299568-d493-4038-b140-d98eed77390a",
            "isHook": false,
            "skipped": false
          },
          {
            "title": "inlineCode test 3",
            "fullTitle": "Inline Code Test inlineCode test 3",
            "timedOut": false,
            "duration": 7,
            "state": "passed",
            "speed": "fast",
            "pass": true,
            "fail": false,
            "pending": false,
            "code": "var extend = new Extendown('```he`llo``` \\n ``hello`');\nexpect(extend.getHTML()).to.be.equal('<p><code>he`llo</code> \\n ``hello`</p>');",
            "err": {},
            "isRoot": false,
            "uuid": "3a549002-a423-4ac5-a130-bae77572c178",
            "parentUUID": "ce299568-d493-4038-b140-d98eed77390a",
            "isHook": false,
            "skipped": false
          },
          {
            "title": "inlineCode and ",
            "fullTitle": "Inline Code Test inlineCode and ",
            "timedOut": false,
            "duration": 0,
            "state": "passed",
            "speed": "fast",
            "pass": true,
            "fail": false,
            "pending": false,
            "code": "var extend = new Extendown('xxxxx```he`llo```xxxx');\nexpect(extend.getHTML()).to.be.equal('<p>xxxxx<code>he`llo</code>xxxx</p>');",
            "err": {},
            "isRoot": false,
            "uuid": "a86ee7e5-9d59-4da9-96c6-d7b9ade76038",
            "parentUUID": "ce299568-d493-4038-b140-d98eed77390a",
            "isHook": false,
            "skipped": false
          }
        ],
        "failures": [],
        "skipped": [],
        "hasBeforeHooks": false,
        "hasAfterHooks": false,
        "hasTests": true,
        "hasSuites": false,
        "totalTests": 4,
        "totalPasses": 4,
        "totalFailures": 0,
        "totalPending": 0,
        "totalSkipped": 0,
        "hasPasses": true,
        "hasFailures": false,
        "hasPending": false,
        "hasSkipped": false,
        "duration": 8,
        "rootEmpty": false
      },
      {
        "title": "Image and Link test",
        "suites": [],
        "tests": [
          {
            "title": "normal image test",
            "fullTitle": "Image and Link test normal image test",
            "timedOut": false,
            "duration": 0,
            "state": "passed",
            "speed": "fast",
            "pass": true,
            "fail": false,
            "pending": false,
            "code": "var extend = new Extendown('![img](http://baidu.com \"title\")');\nexpect(extend.getHTML()).to.be.equal('<p><img alt=\"img\" title=\"title\" src=\"http://baidu.com\" /></p>');;",
            "err": {},
            "isRoot": false,
            "uuid": "95102653-156e-4d15-8678-15d1c1e833da",
            "parentUUID": "78346e4f-0cd8-496d-a057-1a7e257f220e",
            "isHook": false,
            "skipped": false
          },
          {
            "title": "predefined image 1",
            "fullTitle": "Image and Link test predefined image 1",
            "timedOut": false,
            "duration": 0,
            "state": "passed",
            "speed": "fast",
            "pass": true,
            "fail": false,
            "pending": false,
            "code": "var extend = new Extendown('[id]: http://baidu.com \"Title\"\\n![ID][]');\nexpect(extend.getHTML()).to.be.equal('\\n<p><img alt=\"ID\" title=\"Title\" src=\"http://baidu.com\" /></p>');;",
            "err": {},
            "isRoot": false,
            "uuid": "27ed7fac-be93-4592-bcde-df4cadc48e62",
            "parentUUID": "78346e4f-0cd8-496d-a057-1a7e257f220e",
            "isHook": false,
            "skipped": false
          },
          {
            "title": "predefined image 2",
            "fullTitle": "Image and Link test predefined image 2",
            "timedOut": false,
            "duration": 0,
            "state": "passed",
            "speed": "fast",
            "pass": true,
            "fail": false,
            "pending": false,
            "code": "var extend = new Extendown('[ID]: http://baidu.com \"Title\"\\n![alt][id]');\nexpect(extend.getHTML()).to.be.equal('\\n<p><img alt=\"alt\" title=\"Title\" src=\"http://baidu.com\" /></p>');;",
            "err": {},
            "isRoot": false,
            "uuid": "1ee444fe-c6fb-4cb9-a9a7-f4bc7870c1ba",
            "parentUUID": "78346e4f-0cd8-496d-a057-1a7e257f220e",
            "isHook": false,
            "skipped": false
          },
          {
            "title": "normal link",
            "fullTitle": "Image and Link test normal link",
            "timedOut": false,
            "duration": 0,
            "state": "passed",
            "speed": "fast",
            "pass": true,
            "fail": false,
            "pending": false,
            "code": "var extend = new Extendown('\\n[link](http://baidu.com \"title\")');\nexpect(extend.getHTML()).to.be.equal('\\n<p><a title=\"title\" href=\"http://baidu.com\" target=\"_blank\">link</a></p>');;",
            "err": {},
            "isRoot": false,
            "uuid": "e216bb09-f9c7-4ab6-95d7-649c4a7e2579",
            "parentUUID": "78346e4f-0cd8-496d-a057-1a7e257f220e",
            "isHook": false,
            "skipped": false
          },
          {
            "title": "predefined link",
            "fullTitle": "Image and Link test predefined link",
            "timedOut": false,
            "duration": 0,
            "state": "passed",
            "speed": "fast",
            "pass": true,
            "fail": false,
            "pending": false,
[...]
      "err": {},
      "isRoot": false,
      "uuid": "a5332c0d-aa03-4ed3-bdb5-9069b860af01",
      "parentUUID": "8d22ad9b-4010-4eb5-9fda-424fbfe9e572",
      "isHook": false,
      "skipped": false
    },
    {
      "title": "Blockquote Test 3",
      "fullTitle": "Blockquote Test Blockquote Test 3",
      "timedOut": false,
      "duration": 0,
      "state": "passed",
      "speed": "fast",
      "pass": true,
      "fail": false,
      "pending": false,
      "code": "var extend = new Extendown(\"\\n > block\\n\\npara\");\nexpect(extend.getHTML()).to.be.equal(\"\\n<blockquote><p>block</p></blockquote><p>para</p>\");",
      "err": {},
      "isRoot": false,
      "uuid": "d38edca1-70ef-49ed-ba9d-079c1b60ac47",
      "parentUUID": "8d22ad9b-4010-4eb5-9fda-424fbfe9e572",
      "isHook": false,
      "skipped": false
    },
    {
      "title": "BlockCode Test 1",
      "fullTitle": "BlockCode Test BlockCode Test 1",
      "timedOut": false,
      "duration": 0,
      "state": "passed",
      "speed": "fast",
      "pass": true,
      "fail": false,
      "pending": false,
      "code": "var extend = new Extendown(\"```\\n```\");\nexpect(extend.getHTML()).to.be.equal(\"<pre><code class=\\\"code_language_\\\"></code></pre>\");",
      "err": {},
      "isRoot": false,
      "uuid": "8b0918e2-fe18-4ba4-ac2c-03a4514925cd",
      "parentUUID": "567c5927-3eab-4a53-a75e-9b4faec5cb98",
      "isHook": false,
      "skipped": false
    },
    {
      "title": "BlockCode Test 2",
      "fullTitle": "BlockCode Test BlockCode Test 2",
      "timedOut": false,
      "duration": 0,
      "state": "passed",
      "speed": "fast",
      "pass": true,
      "fail": false,
      "pending": false,
      "code": "var extend = new Extendown(\"``` javascript\\n```\");\nexpect(extend.getHTML()).to.be.equal(\"<pre><code class=\\\"code_language_javascript\\\"></code></pre>\");",
      "err": {},
      "isRoot": false,
      "uuid": "90d1bb92-7096-49d5-94a4-2e88c96f6c5f",
      "parentUUID": "567c5927-3eab-4a53-a75e-9b4faec5cb98",
      "isHook": false,
      "skipped": false
    },
    {
      "title": "BlockCode Test 3",
      "fullTitle": "BlockCode Test BlockCode Test 3",
      "timedOut": false,
      "duration": 4,
      "state": "passed",
      "speed": "fast",
      "pass": true,
      "fail": false,
      "pending": false,
      "code": "var extend = new Extendown(\"top\\n``` javascript\\ncode here\\n``` \\n bottom\");\nexpect(extend.getHTML()).to.be.equal(\"<p>top</p>\\n<pre><code class=\\\"code_language_javascript\\\">code here\\n</code></pre>\\n<p> bottom</p>\");",
      "err": {},
      "isRoot": false,
      "uuid": "fdca4f88-9cef-46f9-870b-2dff7cbff26b",
      "parentUUID": "567c5927-3eab-4a53-a75e-9b4faec5cb98",
      "isHook": false,
      "skipped": false
    },
    {
      "title": "BlockCode Test 4",
      "fullTitle": "BlockCode Test BlockCode Test 4",
      "timedOut": false,
      "duration": 0,
      "state": "passed",
      "speed": "fast",
      "pass": true,
      "fail": false,
      "pending": false,
      "code": "var extend = new Extendown(\"``` \\n#### hello\\n```\");\nexpect(extend.getHTML()).to.be.equal(\"<pre><code class=\\\"code_language_\\\">#### hello\\n</code></pre>\");",
      "err": {},
      "isRoot": false,
      "uuid": "c7330d72-3e60-4db8-a334-16fb6822e657",
      "parentUUID": "567c5927-3eab-4a53-a75e-9b4faec5cb98",
      "isHook": false,
      "skipped": false
    },
    {
      "title": "BlockCode Test 5",
      "fullTitle": "BlockCode Test BlockCode Test 5",
      "timedOut": false,
      "duration": 0,
      "state": "passed",
      "speed": "fast",
      "pass": true,
      "fail": false,
      "pending": false,
      "code": "var extend = new Extendown(\"``` \\nd```\");\nexpect(extend.getHTML()).to.be.equal(\"<p>``` \\nd```</p>\");",
      "err": {},
      "isRoot": false,
      "uuid": "fb0bd5b5-e4b8-484f-aa8c-0e73181b994d",
      "parentUUID": "567c5927-3eab-4a53-a75e-9b4faec5cb98",
      "isHook": false,
      "skipped": false
    },
    {
      "title": "BlockCode Test 6",
      "fullTitle": "BlockCode Test BlockCode Test 6",
      "timedOut": false,
      "duration": 0,
      "state": "passed",
      "speed": "fast",
      "pass": true,
      "fail": false,
      "pending": false,
      "code": "var extend = new Extendown(\"```\\n```\\n```\");\nexpect(extend.getHTML()).to.be.equal(\"<pre><code class=\\\"code_language_\\\"></code></pre>\\n<p>```</p>\");",
      "err": {},
      "isRoot": false,
      "uuid": "d4744929-1a50-42c7-b0d6-3a4259e06fa4",
      "parentUUID": "567c5927-3eab-4a53-a75e-9b4faec5cb98",
      "isHook": false,
      "skipped": false
    },
    {
      "title": "header+blockcode",
      "fullTitle": "Block Union Test header+blockcode",
      "timedOut": false,
      "duration": 0,
      "state": "passed",
      "speed": "fast",
      "pass": true,
      "fail": false,
      "pending": false,
      "code": "var extend = new Extendown(\"# header\\n```\\n```\");\nexpect(extend.getHTML()).to.be.equal(\"<h1>header</h1>\\n<pre><code class=\\\"code_language_\\\"></code></pre>\");",
      "err": {},
      "isRoot": false,
      "uuid": "8175ca7b-d344-404b-8244-755441160f12",
      "parentUUID": "42f8b1af-6981-4ef5-9e64-4cde32f0f135",
      "isHook": false,
      "skipped": false
    },
    {
      "title": "blockcode+blockquote",
      "fullTitle": "Block Union Test blockcode+blockquote",
      "timedOut": false,
      "duration": 0,
      "state": "passed",
      "speed": "fast",
      "pass": true,
      "fail": false,
      "pending": false,
      "code": "var extend = new Extendown(\"\\n```\\n```\\n  > block\\n\\npara\");\nexpect(extend.getHTML()).to.be.equal(\"\\n<pre><code class=\\\"code_language_\\\"></code></pre>\\n<blockquote><p>block</p></blockquote><p>para</p>\");",
      "err": {},
      "isRoot": false,
      "uuid": "5a18889f-2ac3-46f2-b656-3854f30c6f3e",
      "parentUUID": "42f8b1af-6981-4ef5-9e64-4cde32f0f135",
      "isHook": false,
      "skipped": false
    },
    {
      "title": "blockcode+splitline+header+blockquote",
      "fullTitle": "Block Union Test blockcode+splitline+header+blockquote",
      "timedOut": false,
      "duration": 5,
      "state": "passed",
      "speed": "fast",
      "pass": true,
      "fail": false,
      "pending": false,
      "code": "var md = fs.readFileSync('./test/blockunion.md', {encoding: 'utf-8'});\nvar result = fs.readFileSync('./test/blockunion.html', {encoding: 'utf-8'});\nvar extend = new Extendown(md);\nexpect(extend.getHTML()).to.be.equal(result);",
      "err": {},
      "isRoot": false,
      "uuid": "60864e53-43e1-4ca0-860b-6bca0a9aff80",
      "parentUUID": "42f8b1af-6981-4ef5-9e64-4cde32f0f135",
      "isHook": false,
      "skipped": false
    },
    {
      "title": "List Simple",
      "fullTitle": "List Test List Simple",
      "timedOut": false,
      "duration": 1,
      "state": "passed",
      "speed": "fast",
      "pass": true,
      "fail": false,
      "pending": false,
      "code": "var result = parse('1. List1\\n2. List2\\n+ List3\\n* List4\\n- List5');\nexpect(result).to.be.equal('<ol start=\"1\"><li>List1</li><li>List2</li></ol><ul><li>List3</li></ul><ul><li>List4</li></ul><ul><li>List5</li></ul>');",
      "err": {},
      "isRoot": false,
      "uuid": "ef0d024d-f5ab-4c5e-b12c-8dcc3f42ef96",
      "parentUUID": "fecc29e5-a673-481a-b974-66c7710fbd1f",
      "isHook": false,
      "skipped": false
    },
    {
      "title": "itatic test",
      "fullTitle": "ItaticBoldTest itatic test",
      "timedOut": false,
      "duration": 0,
      "state": "passed",
      "speed": "fast",
      "pass": true,
      "fail": false,
      "pending": false,
      "code": "var extend = new Extendown('*hello*');\nexpect(extend.getHTML()).to.be.equal('<p><em>hello</em></p>');",
      "err": {},
      "isRoot": false,
      "uuid": "e2b645db-4dbf-4f48-ad65-6350dfa25896",
      "parentUUID": "c7031a4f-a5ef-47d7-87f2-9cf36f2f2aed",
      "isHook": false,
      "skipped": false
    },
    {
      "title": "bold test",
      "fullTitle": "ItaticBoldTest bold test",
      "timedOut": false,
      "duration": 0,
      "state": "passed",
      "speed": "fast",
      "pass": true,
      "fail": false,
      "pending": false,
      "code": "var extend = new Extendown('__hello__');\nexpect(extend.getHTML()).to.be.equal('<p><strong>hello</strong></p>');",
      "err": {},
      "isRoot": false,
      "uuid": "c8f0acf3-cf65-4335-aef0-431a576ea950",
      "parentUUID": "c7031a4f-a5ef-47d7-87f2-9cf36f2f2aed",
      "isHook": false,
      "skipped": false
    },
    {
      "title": "itatic and bold test",
      "fullTitle": "ItaticBoldTest itatic and bold test",
      "timedOut": false,
      "duration": 1,
      "state": "passed",
      "speed": "fast",
      "pass": true,
      "fail": false,
      "pending": false,
      "code": "var extend = new Extendown('__hello*world*__');\nexpect(extend.getHTML()).to.be.equal('<p><strong>hello<em>world</em></strong></p>');",
      "err": {},
      "isRoot": false,
      "uuid": "a50471b7-ad4b-4170-8a4c-b245e3052aab",
      "parentUUID": "c7031a4f-a5ef-47d7-87f2-9cf36f2f2aed",
      "isHook": false,
      "skipped": false
    },
    {
      "title": "inlineCode test 1",
      "fullTitle": "Inline Code Test inlineCode test 1",
      "timedOut": false,
      "duration": 0,
      "state": "passed",
      "speed": "fast",
      "pass": true,
      "fail": false,
      "pending": false,
      "code": "var extend = new Extendown('```hello```');\nexpect(extend.getHTML()).to.be.equal('<p><code>hello</code></p>');",
      "err": {},
      "isRoot": false,
      "uuid": "32845b0a-2b7e-4736-a7aa-e6ca6819a729",
      "parentUUID": "ce299568-d493-4038-b140-d98eed77390a",
      "isHook": false,
      "skipped": false
    },
    {
      "title": "inlineCode test 2",
      "fullTitle": "Inline Code Test inlineCode test 2",
      "timedOut": false,
      "duration": 1,
      "state": "passed",
      "speed": "fast",
      "pass": true,
      "fail": false,
      "pending": false,
      "code": "var extend = new Extendown('```he`llo```');\nexpect(extend.getHTML()).to.be.equal('<p><code>he`llo</code></p>');",
      "err": {},
      "isRoot": false,
      "uuid": "40ba3ffa-0593-48fd-a8c0-1332617c9a6f",
      "parentUUID": "ce299568-d493-4038-b140-d98eed77390a",
      "isHook": false,
      "skipped": false
    },
    {
      "title": "inlineCode test 3",
      "fullTitle": "Inline Code Test inlineCode test 3",
      "timedOut": false,
      "duration": 7,
      "state": "passed",
      "speed": "fast",
      "pass": true,
      "fail": false,
      "pending": false,
      "code": "var extend = new Extendown('```he`llo``` \\n ``hello`');\nexpect(extend.getHTML()).to.be.equal('<p><code>he`llo</code> \\n ``hello`</p>');",
      "err": {},
      "isRoot": false,
      "uuid": "3a549002-a423-4ac5-a130-bae77572c178",
      "parentUUID": "ce299568-d493-4038-b140-d98eed77390a",
      "isHook": false,
      "skipped": false
    },
    {
      "title": "inlineCode and ",
      "fullTitle": "Inline Code Test inlineCode and ",
      "timedOut": false,
      "duration": 0,
      "state": "passed",
      "speed": "fast",
      "pass": true,
      "fail": false,
      "pending": false,
      "code": "var extend = new Extendown('xxxxx```he`llo```xxxx');\nexpect(extend.getHTML()).to.be.equal('<p>xxxxx<code>he`llo</code>xxxx</p>');",
      "err": {},
      "isRoot": false,
      "uuid": "a86ee7e5-9d59-4da9-96c6-d7b9ade76038",
      "parentUUID": "ce299568-d493-4038-b140-d98eed77390a",
      "isHook": false,
      "skipped": false
    },
    {
      "title": "normal image test",
      "fullTitle": "Image and Link test normal image test",
      "timedOut": false,
      "duration": 0,
      "state": "passed",
      "speed": "fast",
      "pass": true,
      "fail": false,
      "pending": false,
      "code": "var extend = new Extendown('![img](http://baidu.com \"title\")');\nexpect(extend.getHTML()).to.be.equal('<p><img alt=\"img\" title=\"title\" src=\"http://baidu.com\" /></p>');;",
      "err": {},
      "isRoot": false,
      "uuid": "95102653-156e-4d15-8678-15d1c1e833da",
      "parentUUID": "78346e4f-0cd8-496d-a057-1a7e257f220e",
      "isHook": false,
      "skipped": false
    },
    {
      "title": "predefined image 1",
      "fullTitle": "Image and Link test predefined image 1",
      "timedOut": false,
      "duration": 0,
      "state": "passed",
      "speed": "fast",
      "pass": true,
      "fail": false,
      "pending": false,
      "code": "var extend = new Extendown('[id]: http://baidu.com \"Title\"\\n![ID][]');\nexpect(extend.getHTML()).to.be.equal('\\n<p><img alt=\"ID\" title=\"Title\" src=\"http://baidu.com\" /></p>');;",
      "err": {},
      "isRoot": false,
      "uuid": "27ed7fac-be93-4592-bcde-df4cadc48e62",
      "parentUUID": "78346e4f-0cd8-496d-a057-1a7e257f220e",
      "isHook": false,
      "skipped": false
    },
    {
      "title": "predefined image 2",
      "fullTitle": "Image and Link test predefined image 2",
      "timedOut": false,
      "duration": 0,
      "state": "passed",
      "speed": "fast",
      "pass": true,
      "fail": false,
      "pending": false,
      "code": "var extend = new Extendown('[ID]: http://baidu.com \"Title\"\\n![alt][id]');\nexpect(extend.getHTML()).to.be.equal('\\n<p><img alt=\"alt\" title=\"Title\" src=\"http://baidu.com\" /></p>');;",
      "err": {},
      "isRoot": false,
      "uuid": "1ee444fe-c6fb-4cb9-a9a7-f4bc7870c1ba",
      "parentUUID": "78346e4f-0cd8-496d-a057-1a7e257f220e",
      "isHook": false,
      "skipped": false
    },
    {
      "title": "normal link",
      "fullTitle": "Image and Link test normal link",
      "timedOut": false,
      "duration": 0,
      "state": "passed",
      "speed": "fast",
      "pass": true,
      "fail": false,
      "pending": false,
      "code": "var extend = new Extendown('\\n[link](http://baidu.com \"title\")');\nexpect(extend.getHTML()).to.be.equal('\\n<p><a title=\"title\" href=\"http://baidu.com\" target=\"_blank\">link</a></p>');;",
      "err": {},
      "isRoot": false,
      "uuid": "e216bb09-f9c7-4ab6-95d7-649c4a7e2579",
      "parentUUID": "78346e4f-0cd8-496d-a057-1a7e257f220e",
      "isHook": false,
      "skipped": false
    },
    {
      "title": "predefined link",
      "fullTitle": "Image and Link test predefined link",
      "timedOut": false,
      "duration": 0,
      "state": "passed",
      "speed": "fast",
      "pass": true,
      "fail": false,
      "pending": false,
      "code": "var extend = new Extendown('[ID]: http://baidu.com \"title\"\\n[link][id]');\nexpect(extend.getHTML()).to.be.equal('\\n<p><a title=\"title\" href=\"http://baidu.com\" target=\"_blank\">link</a></p>');;",
      "err": {},
      "isRoot": false,
      "uuid": "cd9b90e2-314b-406e-b9ea-9ee29bf70ec8",
      "parentUUID": "78346e4f-0cd8-496d-a057-1a7e257f220e",
      "isHook": false,
      "skipped": false
    },
    {
      "title": "with linebreak in content",
      "fullTitle": "Strikethrough test with linebreak in content",
      "timedOut": false,
      "duration": 0,
      "state": "passed",
      "speed": "fast",
      "pass": true,
      "fail": false,
      "pending": false,
      "code": "var extend = new Extendown('~~line1\\nline2~~');\nexpect(extend.getHTML()).to.be.equal('<p><span style=\"text-decoration:line-through\">line1 line2</span></p>');",
      "err": {},
      "isRoot": false,
      "uuid": "f66ab48a-eddf-4f8e-8327-d984ac6e0262",
      "parentUUID": "2fcc3c8d-ea60-4e91-a602-5c03c5cd881d",
      "isHook": false,
      "skipped": false
    },
    {
      "title": "linebreak after tag",
      "fullTitle": "Strikethrough test linebreak after tag",
      "timedOut": false,
      "duration": 0,
      "state": "passed",
      "speed": "fast",
      "pass": true,
      "fail": false,
      "pending": false,
      "code": "var extend = new Extendown('~~line1\\nline2\\n~~');\nexpect(extend.getHTML()).to.be.equal('<p>~~line1\\nline2\\n~~</p>');",
      "err": {},
      "isRoot": false,
      "uuid": "fb7874ff-c543-4a3a-8344-a5ca96b50721",
      "parentUUID": "2fcc3c8d-ea60-4e91-a602-5c03c5cd881d",
      "isHook": false,
      "skipped": false
    },
    {
      "title": "blank after tag",
      "fullTitle": "Strikethrough test blank after tag",
      "timedOut": false,
      "duration": 0,
      "state": "passed",
      "speed": "fast",
      "pass": true,
      "fail": false,
      "pending": false,
      "code": "var extend = new Extendown('~~ line1\\nline2~~');\nexpect(extend.getHTML()).to.be.equal('<p>~~ line1\\nline2~~</p>');",
      "err": {},
      "isRoot": false,
      "uuid": "f6fa6918-2e12-4d31-aa14-f447c86a05cd",
      "parentUUID": "2fcc3c8d-ea60-4e91-a602-5c03c5cd881d",
      "isHook": false,
      "skipped": false
    },
    {
      "title": "normal",
      "fullTitle": "Emoji test normal",
      "timedOut": false,
      "duration": 0,
      "state": "passed",
      "speed": "fast",
      "pass": true,
      "fail": false,
      "pending": false,
      "code": "var extend = new Extendown(':+1:');\nexpect(extend.getHTML()).to.be.equal('<p><img alt=\":+1:\" width=\"20\" height=\"20\" src=\"./+1.png\"></p>');",
      "err": {},
      "isRoot": false,
      "uuid": "57ea0673-f0e2-47f1-ac59-e5963003e7b1",
      "parentUUID": "f753447e-b021-4949-b8c4-7584b72c8c55",
      "isHook": false,
      "skipped": false
    },
    {
      "title": "illegal chars",
      "fullTitle": "Emoji test illegal chars",
      "timedOut": false,
      "duration": 1,
      "state": "passed",
      "speed": "fast",
      "pass": true,
      "fail": false,
      "pending": false,
      "code": "var extend = new Extendown(':+1):');\nexpect(extend.getHTML()).to.be.equal('<p>:+1):</p>');",
      "err": {},
      "isRoot": false,
      "uuid": "83d11797-fa55-4d33-a99a-722b9ffaeec2",
      "parentUUID": "f753447e-b021-4949-b8c4-7584b72c8c55",
      "isHook": false,
      "skipped": false
    },
    {
      "title": "continuous chars",
      "fullTitle": "Emoji test continuous chars",
      "timedOut": false,
      "duration": 0,
      "state": "passed",
      "speed": "fast",
      "pass": true,
      "fail": false,
      "pending": false,
      "code": "var extend = new Extendown(':+1::jp:');\nexpect(extend.getHTML()).to.be.equal('<p><img alt=\":+1:\" width=\"20\" height=\"20\" src=\"./+1.png\"><img alt=\":jp:\" width=\"20\" height=\"20\" src=\"./jp.png\"></p>');",
      "err": {},
      "isRoot": false,
      "uuid": "65b95d7d-7aff-4f69-af3c-10b8a60efeec",
      "parentUUID": "f753447e-b021-4949-b8c4-7584b72c8c55",
      "isHook": false,
      "skipped": false
    },
    {
      "title": "br test 1",
      "fullTitle": "Br test br test 1",
      "timedOut": false,
      "duration": 0,
      "state": "passed",
      "speed": "fast",
      "pass": true,
      "fail": false,
      "pending": false,
      "code": "var extend = new Extendown('\\n  \\n');\nexpect(extend.getHTML()).to.be.equal('\\n<p><br /></p>');",
      "err": {},
      "isRoot": false,
      "uuid": "4c60d4d1-4d37-45da-b3d8-2d5755fb1877",
      "parentUUID": "b3ba3cc0-205f-4ee1-ad19-e458b3a03cdb",
      "isHook": false,
      "skipped": false
    },
    {
      "title": "br test 2",
      "fullTitle": "Br test br test 2",
      "timedOut": false,
      "duration": 0,
      "state": "passed",
      "speed": "fast",
      "pass": true,
      "fail": false,
      "pending": false,
      "code": "var extend = new Extendown('hello  \\n');\nexpect(extend.getHTML()).to.be.equal('<p>hello<br /></p>');",
      "err": {},
      "isRoot": false,
      "uuid": "3f80ffdf-dcf7-407c-9aaa-4c7bbe2561bd",
      "parentUUID": "b3ba3cc0-205f-4ee1-ad19-e458b3a03cdb",
      "isHook": false,
      "skipped": false
    }
  ],
  "allFailures": [],
  "copyrightYear": 2017
}