{
  "stats": {
    "suites": 16,
    "tests": 58,
    "passes": 58,
    "pending": 0,
    "failures": 0,
    "start": "2017-06-13T04:41:53.687Z",
    "end": "2017-06-13T04:41:53.969Z",
    "duration": 282,
    "testsRegistered": 58,
    "passPercent": 100,
    "pendingPercent": 0,
    "other": 0,
    "hasOther": false,
    "skipped": 0,
    "hasSkipped": false,
    "passPercentClass": "success",
    "pendingPercentClass": "danger"
  },
  "suites": {
    "title": "",
    "suites": [
      {
        "title": "Encode Test",
        "suites": [],
        "tests": [
          {
            "title": "<>& encode",
            "fullTitle": "Encode Test <>& encode",
            "timedOut": false,
            "duration": 4,
            "state": "passed",
            "speed": "fast",
            "pass": true,
            "fail": false,
            "pending": false,
            "code": "const target = '<img src=\"hello\" /> a < b && a > b';\nconst result = '<p><img src=\"hello\" /> a &lt; b &amp;&amp; a &gt; b</p>';\nexpect(parse(target)).to.be.equal(result);",
            "err": {},
            "isRoot": false,
            "uuid": "d249be8a-d477-4489-a08f-1088536aabcb",
            "parentUUID": "a0610d5f-4a3f-4cfe-8248-45fa695f1f4e",
            "isHook": false,
            "skipped": false
          },
          {
            "title": "<> in Block Code And Inline Code",
            "fullTitle": "Encode Test <> in Block Code And Inline Code",
            "timedOut": false,
            "duration": 1,
            "state": "passed",
            "speed": "fast",
            "pass": true,
            "fail": false,
            "pending": false,
            "code": "const target = '```\\n<p></p><\\n```';\nconst result = '<pre><code class=\"code_language_\">&lt;p&gt;&lt;/p&gt;&lt;\\n</code></pre>';\nexpect(parse(target)).to.be.equal(result);",
            "err": {},
            "isRoot": false,
            "uuid": "e33d3ef9-df48-44d7-b0bd-9e85910f165a",
            "parentUUID": "a0610d5f-4a3f-4cfe-8248-45fa695f1f4e",
            "isHook": false,
            "skipped": false
          }
        ],
        "pending": [],
        "root": false,
        "_timeout": 2000,
        "file": "/test/encode/index.js",
        "uuid": "a0610d5f-4a3f-4cfe-8248-45fa695f1f4e",
        "beforeHooks": [],
        "afterHooks": [],
        "fullFile": "/home/jeffwang/fe/extendown/test/encode/index.js",
        "passes": [
          {
            "title": "<>& encode",
            "fullTitle": "Encode Test <>& encode",
            "timedOut": false,
            "duration": 4,
            "state": "passed",
            "speed": "fast",
            "pass": true,
            "fail": false,
            "pending": false,
            "code": "const target = '<img src=\"hello\" /> a < b && a > b';\nconst result = '<p><img src=\"hello\" /> a &lt; b &amp;&amp; a &gt; b</p>';\nexpect(parse(target)).to.be.equal(result);",
            "err": {},
            "isRoot": false,
            "uuid": "d249be8a-d477-4489-a08f-1088536aabcb",
            "parentUUID": "a0610d5f-4a3f-4cfe-8248-45fa695f1f4e",
            "isHook": false,
            "skipped": false
          },
          {
            "title": "<> in Block Code And Inline Code",
            "fullTitle": "Encode Test <> in Block Code And Inline Code",
            "timedOut": false,
            "duration": 1,
            "state": "passed",
            "speed": "fast",
            "pass": true,
            "fail": false,
            "pending": false,
            "code": "const target = '```\\n<p></p><\\n```';\nconst result = '<pre><code class=\"code_language_\">&lt;p&gt;&lt;/p&gt;&lt;\\n</code></pre>';\nexpect(parse(target)).to.be.equal(result);",
            "err": {},
            "isRoot": false,
            "uuid": "e33d3ef9-df48-44d7-b0bd-9e85910f165a",
            "parentUUID": "a0610d5f-4a3f-4cfe-8248-45fa695f1f4e",
            "isHook": false,
            "skipped": false
          }
        ],
        "failures": [],
        "skipped": [],
        "hasBeforeHooks": false,
        "hasAfterHooks": false,
        "hasTests": true,
        "hasSuites": false,
        "totalTests": 2,
        "totalPasses": 2,
        "totalFailures": 0,
        "totalPending": 0,
        "totalSkipped": 0,
        "hasPasses": true,
        "hasFailures": false,
        "hasPending": false,
        "hasSkipped": false,
        "duration": 5,
        "rootEmpty": false
      },
      {
        "title": "Escape Test",
        "suites": [],
        "tests": [
          {
            "title": "` Escape",
            "fullTitle": "Escape Test ` Escape",
            "timedOut": false,
            "duration": 1,
            "state": "passed",
            "speed": "fast",
            "pass": true,
            "fail": false,
            "pending": false,
            "code": "const target = '`\\\\``';\nconst result = '<p><code>`</code></p>';\nexpect(parse(target)).to.be.equal(result);",
            "err": {},
            "isRoot": false,
            "uuid": "5e4ce977-93f6-421e-987c-8fd46f08274b",
            "parentUUID": "fff99970-bc2b-4c8f-87c8-8bc456f04327",
            "isHook": false,
            "skipped": false
          },
          {
            "title": "\\ Escape",
            "fullTitle": "Escape Test \\ Escape",
            "timedOut": false,
            "duration": 1,
            "state": "passed",
            "speed": "fast",
            "pass": true,
            "fail": false,
            "pending": false,
            "code": "const target = '\\\\\\\\';\nconst result = '<p>\\\\</p>';\nexpect(parse(target)).to.be.equal(result);",
            "err": {},
            "isRoot": false,
            "uuid": "ad09c6de-cfe5-4e00-8b49-91003ebc32e8",
            "parentUUID": "fff99970-bc2b-4c8f-87c8-8bc456f04327",
            "isHook": false,
            "skipped": false
          },
          {
            "title": "* Escape",
            "fullTitle": "Escape Test * Escape",
            "timedOut": false,
            "duration": 0,
            "state": "passed",
            "speed": "fast",
            "pass": true,
            "fail": false,
            "pending": false,
            "code": "const target = '*\\\\**';\nconst result = '<p><em>*</em></p>';\nexpect(parse(target)).to.be.equal(result);",
            "err": {},
            "isRoot": false,
            "uuid": "921f4e3b-99c1-4d80-84e0-3f22a9c71620",
            "parentUUID": "fff99970-bc2b-4c8f-87c8-8bc456f04327",
            "isHook": false,
            "skipped": false
          },
          {
            "title": "_ Escape",
            "fullTitle": "Escape Test _ Escape",
            "timedOut": false,
            "duration": 1,
            "state": "passed",
            "speed": "fast",
            "pass": true,
            "fail": false,
            "pending": false,
            "code": "const target = '__\\\\___';\nconst result = '<p><strong>_</strong></p>';\nexpect(parse(target)).to.be.equal(result);",
            "err": {},
            "isRoot": false,
            "uuid": "c784349c-a5cc-4d2f-8e70-735792823fa8",
            "parentUUID": "fff99970-bc2b-4c8f-87c8-8bc456f04327",
            "isHook": false,
            "skipped": false
          },
          {
            "title": "[] Escape",
            "fullTitle": "Escape Test [] Escape",
            "timedOut": false,
            "duration": 0,
            "state": "passed",
            "speed": "fast",
            "pass": true,
            "fail": false,
            "pending": false,
            "code": "const target = '!\\\\[\\\\]()';\nconst result = '<p>![]()</p>';\nexpect(parse(target)).to.be.equal(result);",
            "err": {},
            "isRoot": false,
            "uuid": "a869ffa0-7d5b-4221-a3a1-adb9b3929325",
            "parentUUID": "fff99970-bc2b-4c8f-87c8-8bc456f04327",
            "isHook": false,
            "skipped": false
          },
          {
            "title": "! Escape",
            "fullTitle": "Escape Test ! Escape",
            "timedOut": false,
            "duration": 1,
            "state": "passed",
            "speed": "fast",
            "pass": true,
            "fail": false,
            "pending": false,
            "code": "const target = '\\\\![link]()';\nconst result = '<p>!<a href=\"\" target=\"_blank\">link</a></p>';\nexpect(parse(target)).to.be.equal(result);",
            "err": {},
            "isRoot": false,
            "uuid": "4c31861e-e7cf-4ba1-bdc2-5cbab0714038",
            "parentUUID": "fff99970-bc2b-4c8f-87c8-8bc456f04327",
            "isHook": false,
            "skipped": false
          },
          {
            "title": "# Escape",
            "fullTitle": "Escape Test # Escape",
            "timedOut": false,
            "duration": 2,
            "state": "passed",
            "speed": "fast",
            "pass": true,
            "fail": false,
            "pending": false,
            "code": "const target = '# \\#hello';\nconst result = '<h1>#hello</h1>';\nexpect(parse(target)).to.be.equal(result);",
            "err": {},
            "isRoot": false,
            "uuid": "9a34a7d4-b399-4d3c-b9df-cd492a4f1790",
            "parentUUID": "fff99970-bc2b-4c8f-87c8-8bc456f04327",
            "isHook": false,
            "skipped": false
          }
        ],
        "pending": [],
        "root": false,
        "_timeout": 2000,
        "file": "/test/escape/index.js",
        "uuid": "fff99970-bc2b-4c8f-87c8-8bc456f04327",
        "beforeHooks": [],
        "afterHooks": [],
        "fullFile": "/home/jeffwang/fe/extendown/test/escape/index.js",
        "passes": [
          {
            "title": "` Escape",
            "fullTitle": "Escape Test ` Escape",
            "timedOut": false,
            "duration": 1,
            "state": "passed",
            "speed": "fast",
            "pass": true,
            "fail": false,
            "pending": false,
            "code": "const target = '`\\\\``';\nconst result = '<p><code>`</code></p>';\nexpect(parse(target)).to.be.equal(result);",
            "err": {},
            "isRoot": false,
            "uuid": "5e4ce977-93f6-421e-987c-8fd46f08274b",
            "parentUUID": "fff99970-bc2b-4c8f-87c8-8bc456f04327",
            "isHook": false,
            "skipped": false
          },
          {
            "title": "\\ Escape",
            "fullTitle": "Escape Test \\ Escape",
            "timedOut": false,
            "duration": 1,
            "state": "passed",
            "speed": "fast",
            "pass": true,
            "fail": false,
            "pending": false,
            "code": "const target = '\\\\\\\\';\nconst result = '<p>\\\\</p>';\nexpect(parse(target)).to.be.equal(result);",
            "err": {},
            "isRoot": false,
            "uuid": "ad09c6de-cfe5-4e00-8b49-91003ebc32e8",
            "parentUUID": "fff99970-bc2b-4c8f-87c8-8bc456f04327",
            "isHook": false,
            "skipped": false
          },
          {
            "title": "* Escape",
            "fullTitle": "Escape Test * Escape",
            "timedOut": false,
            "duration": 0,
            "state": "passed",
            "speed": "fast",
            "pass": true,
            "fail": false,
            "pending": false,
            "code": "const target = '*\\\\**';\nconst result = '<p><em>*</em></p>';\nexpect(parse(target)).to.be.equal(result);",
            "err": {},
            "isRoot": false,
            "uuid": "921f4e3b-99c1-4d80-84e0-3f22a9c71620",
            "parentUUID": "fff99970-bc2b-4c8f-87c8-8bc456f04327",
            "isHook": false,
            "skipped": false
          },
          {
            "title": "_ Escape",
            "fullTitle": "Escape Test _ Escape",
            "timedOut": false,
            "duration": 1,
            "state": "passed",
            "speed": "fast",
            "pass": true,
            "fail": false,
            "pending": false,
            "code": "const target = '__\\\\___';\nconst result = '<p><strong>_</strong></p>';\nexpect(parse(target)).to.be.equal(result);",
            "err": {},
            "isRoot": false,
            "uuid": "c784349c-a5cc-4d2f-8e70-735792823fa8",
            "parentUUID": "fff99970-bc2b-4c8f-87c8-8bc456f04327",
            "isHook": false,
            "skipped": false
          },
          {
            "title": "[] Escape",
            "fullTitle": "Escape Test [] Escape",
            "timedOut": false,
            "duration": 0,
            "state": "passed",
            "speed": "fast",
            "pass": true,
            "fail": false,
            "pending": false,
            "code": "const target = '!\\\\[\\\\]()';\nconst result = '<p>![]()</p>';\nexpect(parse(target)).to.be.equal(result);",
            "err": {},
            "isRoot": false,
            "uuid": "a869ffa0-7d5b-4221-a3a1-adb9b3929325",
            "parentUUID": "fff99970-bc2b-4c8f-87c8-8bc456f04327",
            "isHook": false,
            "skipped": false
          },
          {
            "title": "! Escape",
            "fullTitle": "Escape Test ! Escape",
            "timedOut": false,
            "duration": 1,
            "state": "passed",
            "speed": "fast",
            "pass": true,
            "fail": false,
            "pending": false,
            "code": "const target = '\\\\![link]()';\nconst result = '<p>!<a href=\"\" target=\"_blank\">link</a></p>';\nexpect(parse(target)).to.be.equal(result);",
            "err": {},
            "isRoot": false,
            "uuid": "4c31861e-e7cf-4ba1-bdc2-5cbab0714038",
            "parentUUID": "fff99970-bc2b-4c8f-87c8-8bc456f04327",
            "isHook": false,
            "skipped": false
          },
          {
            "title": "# Escape",
            "fullTitle": "Escape Test # Escape",
            "timedOut": false,
            "duration": 2,
            "state": "passed",
            "speed": "fast",
            "pass": true,
            "fail": false,
            "pending": false,
            "code": "const target = '# \\#hello';\nconst result = '<h1>#hello</h1>';\nexpect(parse(target)).to.be.equal(result);",
            "err": {},
            "isRoot": false,
            "uuid": "9a34a7d4-b399-4d3c-b9df-cd492a4f1790",
            "parentUUID": "fff99970-bc2b-4c8f-87c8-8bc456f04327",
            "isHook": false,
            "skipped": false
          }
        ],
        "failures": [],
        "skipped": [],
        "hasBeforeHooks": false,
        "hasAfterHooks": false,
        "hasTests": true,
        "hasSuites": false,
        "totalTests": 7,
        "totalPasses": 7,
        "totalFailures": 0,
        "totalPending": 0,
        "totalSkipped": 0,
        "hasPasses": true,
        "hasFailures": false,
        "hasPending": false,
        "hasSkipped": false,
        "duration": 6,
        "rootEmpty": false
      },
      {
        "title": "List Test",
        "suites": [],
        "tests": [
          {
            "title": "Simple List",
            "fullTitle": "List Test Simple List",
            "timedOut": false,
            "duration": 18,
            "state": "passed",
            "speed": "fast",
            "pass": true,
            "fail": false,
            "pending": false,
            "code": "const all =  getMDAndHTML('list', __dirname);\nconst html = parse(all.target);\nexpect(html.replace(/[\\t ]*[\\n\\r][\\t ]*/g, '')).to.be.equal(all.result);",
            "err": {},
            "isRoot": false,
            "uuid": "a482d52b-2ac6-4aae-8cdf-268903fde8ed",
            "parentUUID": "50c88a17-7783-4e6d-b1d4-9d77a4d794a5",
            "isHook": false,
            "skipped": false
          },
          {
            "title": "Nest List",
            "fullTitle": "List Test Nest List",
            "timedOut": false,
            "duration": 35,
            "state": "passed",
            "speed": "fast",
            "pass": true,
            "fail": false,
            "pending": false,
            "code": "const all =  getMDAndHTML('nest-list', __dirname);\nconst html = parse(all.target);\nexpect(html.replace(/[\\t ]*[\\n\\r][\\t ]*/g, '')).to.be.equal(all.result);",
            "err": {},
            "isRoot": false,
            "uuid": "60d929a9-e123-4a2d-80ef-45026a43fad6",
            "parentUUID": "50c88a17-7783-4e6d-b1d4-9d77a4d794a5",
            "isHook": false,
            "skipped": false
          },
          {
            "title": "Order List",
            "fullTitle": "List Test Order List",
            "timedOut": false,
            "duration": 17,
            "state": "passed",
            "speed": "fast",
            "pass": true,
            "fail": false,
            "pending": false,
            "code": "const all =  getMDAndHTML('order-list', __dirname);\nconst html = parse(all.target);\nexpect(html.replace(/[\\t ]*[\\n\\r][\\t ]*/g, '')).to.be.equal(all.result);",
            "err": {},
            "isRoot": false,
            "uuid": "ef27479b-208d-4ae3-a0e6-c6c221e7b6e3",
            "parentUUID": "50c88a17-7783-4e6d-b1d4-9d77a4d794a5",
            "isHook": false,
            "skipped": false
          },
          {
            "title": "Complex List",
            "fullTitle": "List Test Complex List",
            "timedOut": false,
            "duration": 8,
            "state": "passed",
            "speed": "fast",
            "pass": true,
            "fail": false,
            "pending": false,
            "code": "const all =  getMDAndHTML('complex-list', __dirname);\nconst html = parse(all.target);\nexpect(html.replace(/[\\t ]*[\\n\\r][\\t ]*/g, '')).to.be.equal(all.result);",
            "err": {},
            "isRoot": false,
            "uuid": "4d6b0ffc-6106-486b-8dd8-7f452528f6a9",
            "parentUUID": "50c88a17-7783-4e6d-b1d4-9d77a4d794a5",
            "isHook": false,
            "skipped": false
          }
        ],
        "pending": [],
        "root": false,
        "_timeout": 2000,
        "file": "/test/list/index.js",
        "uuid": "50c88a17-7783-4e6d-b1d4-9d77a4d794a5",
        "beforeHooks": [],
        "afterHooks": [],
        "fullFile": "/home/jeffwang/fe/extendown/test/list/index.js",
        "passes": [
          {
            "title": "Simple List",
            "fullTitle": "List Test Simple List",
            "timedOut": false,
            "duration": 18,
            "state": "passed",
            "speed": "fast",
            "pass": true,
            "fail": false,
            "pending": false,
            "code": "const all =  getMDAndHTML('list', __dirname);\nconst html = parse(all.target);\nexpect(html.replace(/[\\t ]*[\\n\\r][\\t ]*/g, '')).to.be.equal(all.result);",
            "err": {},
            "isRoot": false,
            "uuid": "a482d52b-2ac6-4aae-8cdf-268903fde8ed",
            "parentUUID": "50c88a17-7783-4e6d-b1d4-9d77a4d794a5",
            "isHook": false,
            "skipped": false
          },
          {
            "title": "Nest List",
            "fullTitle": "List Test Nest List",
            "timedOut": false,
            "duration": 35,
            "state": "passed",
            "speed": "fast",
            "pass": true,
            "fail": false,
            "pending": false,
            "code": "const all =  getMDAndHTML('nest-list', __dirname);\nconst html = parse(all.target);\nexpect(html.replace(/[\\t ]*[\\n\\r][\\t ]*/g, '')).to.be.equal(all.result);",
            "err": {},
            "isRoot": false,
            "uuid": "60d929a9-e123-4a2d-80ef-45026a43fad6",
            "parentUUID": "50c88a17-7783-4e6d-b1d4-9d77a4d794a5",
            "isHook": false,
            "skipped": false
          },
          {
            "title": "Order List",
            "fullTitle": "List Test Order List",
            "timedOut": false,
            "duration": 17,
            "state": "passed",
            "speed": "fast",
            "pass": true,
            "fail": false,
            "pending": false,
            "code": "const all =  getMDAndHTML('order-list', __dirname);\nconst html = parse(all.target);\nexpect(html.replace(/[\\t ]*[\\n\\r][\\t ]*/g, '')).to.be.equal(all.result);",
            "err": {},
            "isRoot": false,
            "uuid": "ef27479b-208d-4ae3-a0e6-c6c221e7b6e3",
            "parentUUID": "50c88a17-7783-4e6d-b1d4-9d77a4d794a5",
            "isHook": false,
            "skipped": false
          },
          {
            "title": "Complex List",
            "fullTitle": "List Test Complex List",
            "timedOut": false,
            "duration": 8,
            "state": "passed",
            "speed": "fast",
            "pass": true,
            "fail": false,
            "pending": false,
            "code": "const all =  getMDAndHTML('complex-list', __dirname);\nconst html = parse(all.target);\nexpect(html.replace(/[\\t ]*[\\n\\r][\\t ]*/g, '')).to.be.equal(all.result);",
            "err": {},
            "isRoot": false,
            "uuid": "4d6b0ffc-6106-486b-8dd8-7f452528f6a9",
            "parentUUID": "50c88a17-7783-4e6d-b1d4-9d77a4d794a5",
            "isHook": false,
            "skipped": false
          }
        ],
        "failures": [],
        "skipped": [],
        "hasBeforeHooks": false,
        "hasAfterHooks": false,
        "hasTests": true,
        "hasSuites": false,
        "totalTests": 4,
        "totalPasses": 4,
        "totalFailures": 0,
        "totalPending": 0,
        "totalSkipped": 0,
        "hasPasses": true,
        "hasFailures": false,
        "hasPending": false,
        "hasSkipped": false,
        "duration": 78,
        "rootEmpty": false
      },
      {
        "title": "Table Test",
        "suites": [],
        "tests": [
          {
            "title": "Simple Table",
            "fullTitle": "Table Test Simple Table",
            "timedOut": false,
            "duration": 13,
            "state": "passed",
            "speed": "fast",
            "pass": true,
            "fail": false,
            "pending": false,
            "code": "const all =  getMDAndHTML('simple', __dirname);\nconst str = parse(all.target);\nexpect(removeLineBreak(str)).to.be.equal(all.result);",
            "err": {},
            "isRoot": false,
            "uuid": "740c82a0-24e4-4742-8702-caa0c36510a4",
            "parentUUID": "92e389e8-5a30-4a01-a611-f46464825c96",
            "isHook": false,
            "skipped": false
          },
          {
            "title": "Inline Table",
            "fullTitle": "Table Test Inline Table",
            "timedOut": false,
            "duration": 12,
            "state": "passed",
            "speed": "fast",
            "pass": true,
            "fail": false,
            "pending": false,
            "code": "const all =  getMDAndHTML('inline', __dirname);\nconst str = parse(all.target);\nexpect(removeLineBreak(str)).to.be.equal(all.result);",
            "err": {},
            "isRoot": false,
            "uuid": "866957fc-7a4d-4917-bae9-33ea0fa1df10",
            "parentUUID": "92e389e8-5a30-4a01-a611-f46464825c96",
            "isHook": false,
            "skipped": false
          },
          {
            "title": "Complex Table",
            "fullTitle": "Table Test Complex Table",
            "timedOut": false,
            "duration": 25,
            "state": "passed",
            "speed": "fast",
            "pass": true,
            "fail": false,
            "pending": false,
            "code": "const all =  getMDAndHTML('complex', __dirname);\nconst str = parse(all.target);\nexpect(removeLineBreak(str)).to.be.equal(all.result);",
            "err": {},
            "isRoot": false,
            "uuid": "eac19944-40f1-43e4-ab4f-2b22e01e6bc9",
            "parentUUID": "92e389e8-5a30-4a01-a611-f46464825c96",
            "isHook": false,
            "skipped": false
          }
        ],
        "pending": [],
        "root": false,
        "_timeout": 2000,
        "file": "/test/table/index.js",
        "uuid": "92e389e8-5a30-4a01-a611-f46464825c96",
        "beforeHooks": [],
        "afterHooks": [],
        "fullFile": "/home/jeffwang/fe/extendown/test/table/index.js",
        "passes": [
          {
            "title": "Simple Table",
            "fullTitle": "Table Test Simple Table",
            "timedOut": false,
            "duration": 13,
            "state": "passed",
            "speed": "fast",
            "pass": true,
            "fail": false,
            "pending": false,
            "code": "const all =  getMDAndHTML('simple', __dirname);\nconst str = parse(all.target);\nexpect(removeLineBreak(str)).to.be.equal(all.result);",
            "err": {},
            "isRoot": false,
            "uuid": "740c82a0-24e4-4742-8702-caa0c36510a4",
            "parentUUID": "92e389e8-5a30-4a01-a611-f46464825c96",
            "isHook": false,
            "skipped": false
          },
          {
            "title": "Inline Table",
            "fullTitle": "Table Test Inline Table",
            "timedOut": false,
            "duration": 12,
            "state": "passed",
            "speed": "fast",
            "pass": true,
            "fail": false,
            "pending": false,
            "code": "const all =  getMDAndHTML('inline', __dirname);\nconst str = parse(all.target);\nexpect(removeLineBreak(str)).to.be.equal(all.result);",
            "err": {},
            "isRoot": false,
            "uuid": "866957fc-7a4d-4917-bae9-33ea0fa1df10",
            "parentUUID": "92e389e8-5a30-4a01-a611-f46464825c96",
            "isHook": false,
            "skipped": false
          },
          {
            "title": "Complex Table",
            "fullTitle": "Table Test Complex Table",
            "timedOut": false,
            "duration": 25,
            "state": "passed",
            "speed": "fast",
            "pass": true,
            "fail": false,
            "pending": false,
            "code": "const all =  getMDAndHTML('complex', __dirname);\nconst str = parse(all.target);\nexpect(removeLineBreak(str)).to.be.equal(all.result);",
            "err": {},
            "isRoot": false,
            "uuid": "eac19944-40f1-43e4-ab4f-2b22e01e6bc9",
            "parentUUID": "92e389e8-5a30-4a01-a611-f46464825c96",
            "isHook": false,
            "skipped": false
          }
        ],
        "failures": [],
        "skipped": [],
        "hasBeforeHooks": false,
        "hasAfterHooks": false,
        "hasTests": true,
        "hasSuites": false,
        "totalTests": 3,
        "totalPasses": 3,
        "totalFailures": 0,
        "totalPending": 0,
        "totalSkipped": 0,
        "hasPasses": true,
        "hasFailures": false,
        "hasPending": false,
        "hasSkipped": false,
        "duration": 50,
        "rootEmpty": false
      },
      {
        "title": "header test",
        "suites": [],
        "tests": [
          {
            "title": "header test 1",
            "fullTitle": "header test header test 1",
            "timedOut": false,
            "duration": 0,
            "state": "passed",
            "speed": "fast",
            "pass": true,
            "fail": false,
            "pending": false,
            "code": "var extend = new Extendown(\"### header\");\nexpect(extend.getHTML()).to.be.equal(\"<h3>header</h3>\");",
            "err": {},
            "isRoot": false,
            "uuid": "d4d4dc29-c967-4bdd-839f-d8f96f5d02e1",
            "parentUUID": "d93be7e9-cb32-4616-97e5-4e5a338fd564",
            "isHook": false,
            "skipped": false
          },
          {
            "title": "header test 2",
            "fullTitle": "header test header test 2",
            "timedOut": false,
            "duration": 0,
            "state": "passed",
            "speed": "fast",
            "pass": true,
            "fail": false,
            "pending": false,
            "code": "var extend = new Extendown(\"###header\");\nexpect(extend.getHTML()).to.be.equal(\"<p>###header</p>\");",
            "err": {},
            "isRoot": false,
            "uuid": "c684ada8-591c-4edb-8b29-a4522ec6058b",
            "parentUUID": "d93be7e9-cb32-4616-97e5-4e5a338fd564",
            "isHook": false,
            "skipped": false
          },
          {
            "title": "header test 3",
            "fullTitle": "header test header test 3",
            "timedOut": false,
            "duration": 1,
            "state": "passed",
            "speed": "fast",
            "pass": true,
            "fail": false,
            "pending": false,
            "code": "var extend = new Extendown(\"###   header\\n\\nparas\\nparas\\n## header\");\nexpect(extend.getHTML()).to.be.equal(\"<h3>header</h3>\\n\\n<p>paras\\nparas</p>\\n<h2>header</h2>\");",
            "err": {},
            "isRoot": false,
            "uuid": "769bbc1d-0daf-4764-8aef-822aab64f7c6",
            "parentUUID": "d93be7e9-cb32-4616-97e5-4e5a338fd564",
            "isHook": false,
            "skipped": false
          },
          {
            "title": "header test 4",
            "fullTitle": "header test header test 4",
            "timedOut": false,
            "duration": 0,
            "state": "passed",
            "speed": "fast",
            "pass": true,
            "fail": false,
            "pending": false,
            "code": "var extend = new Extendown(\"###   header\\nparas\\nparas\\n\\n\\n ## header\");\nexpect(extend.getHTML()).to.be.equal(\"<h3>header</h3>\\n<p>paras\\nparas\\n\\n</p>\\n<h2>header</h2>\");",
            "err": {},
            "isRoot": false,
            "uuid": "0fb59b31-9b9f-4922-8714-b5ab1eb0d7f8",
            "parentUUID": "d93be7e9-cb32-4616-97e5-4e5a338fd564",
            "isHook": false,
            "skipped": false
          },
          {
            "title": "header test 5",
            "fullTitle": "header test header test 5",
            "timedOut": false,
            "duration": 0,
            "state": "passed",
            "speed": "fast",
            "pass": true,
            "fail": false,
            "pending": false,
            "code": "var extend = new Extendown(\"\\n  ###   header\\n\");\nexpect(extend.getHTML()).to.be.equal(\"\\n<h3>header</h3>\\n\");",
            "err": {},
            "isRoot": false,
            "uuid": "0c0cedee-1c21-4d0d-b7ee-f7ddd4dc8aa1",
            "parentUUID": "d93be7e9-cb32-4616-97e5-4e5a338fd564",
            "isHook": false,
            "skipped": false
          }
        ],
        "pending": [],
        "root": false,
        "_timeout": 2000,
        "file": "/test/block.test.js",
        "uuid": "d93be7e9-cb32-4616-97e5-4e5a338fd564",
        "beforeHooks": [],
        "afterHooks": [],
        "fullFile": "/home/jeffwang/fe/extendown/test/block.test.js",
        "passes": [
          {
            "title": "header test 1",
            "fullTitle": "header test header test 1",
            "timedOut": false,
            "duration": 0,
            "state": "passed",
            "speed": "fast",
            "pass": true,
            "fail": false,
            "pending": false,
            "code": "var extend = new Extendown(\"### header\");\nexpect(extend.getHTML()).to.be.equal(\"<h3>header</h3>\");",
            "err": {},
            "isRoot": false,
            "uuid": "d4d4dc29-c967-4bdd-839f-d8f96f5d02e1",
            "parentUUID": "d93be7e9-cb32-4616-97e5-4e5a338fd564",
            "isHook": false,
            "skipped": false
          },
          {
            "title": "header test 2",
            "fullTitle": "header test header test 2",
            "timedOut": false,
            "duration": 0,
            "state": "passed",
            "speed": "fast",
            "pass": true,
            "fail": false,
            "pending": false,
            "code": "var extend = new Extendown(\"###header\");\nexpect(extend.getHTML()).to.be.equal(\"<p>###header</p>\");",
            "err": {},
            "isRoot": false,
            "uuid": "c684ada8-591c-4edb-8b29-a4522ec6058b",
            "parentUUID": "d93be7e9-cb32-4616-97e5-4e5a338fd564",
            "isHook": false,
            "skipped": false
          },
          {
            "title": "header test 3",
            "fullTitle": "header test header test 3",
            "timedOut": false,
            "duration": 1,
            "state": "passed",
            "speed": "fast",
            "pass": true,
            "fail": false,
            "pending": false,
            "code": "var extend = new Extendown(\"###   header\\n\\nparas\\nparas\\n## header\");\nexpect(extend.getHTML()).to.be.equal(\"<h3>header</h3>\\n\\n<p>paras\\nparas</p>\\n<h2>header</h2>\");",
            "err": {},
            "isRoot": false,
            "uuid": "769bbc1d-0daf-4764-8aef-822aab64f7c6",
            "parentUUID": "d93be7e9-cb32-4616-97e5-4e5a338fd564",
            "isHook": false,
            "skipped": false
          },
          {
            "title": "header test 4",
            "fullTitle": "header test header test 4",
            "timedOut": false,
            "duration": 0,
            "state": "passed",
            "speed": "fast",
            "pass": true,
            "fail": false,
            "pending": false,
            "code": "var extend = new Extendown(\"###   header\\nparas\\nparas\\n\\n\\n ## header\");\nexpect(extend.getHTML()).to.be.equal(\"<h3>header</h3>\\n<p>paras\\nparas\\n\\n</p>\\n<h2>header</h2>\");",
            "err": {},
            "isRoot": false,
            "uuid": "0fb59b31-9b9f-4922-8714-b5ab1eb0d7f8",
            "parentUUID": "d93be7e9-cb32-4616-97e5-4e5a338fd564",
            "isHook": false,
            "skipped": false
          },
          {
            "title": "header test 5",
            "fullTitle": "header test header test 5",
            "timedOut": false,
            "duration": 0,
            "state": "passed",
            "speed": "fast",
            "pass": true,
            "fail": false,
            "pending": false,
            "code": "var extend = new Extendown(\"\\n  ###   header\\n\");\nexpect(extend.getHTML()).to.be.equal(\"\\n<h3>header</h3>\\n\");",
            "err": {},
            "isRoot": false,
            "uuid": "0c0cedee-1c21-4d0d-b7ee-f7ddd4dc8aa1",
            "parentUUID": "d93be7e9-cb32-4616-97e5-4e5a338fd564",
            "isHook": false,
            "skipped": false
          }
        ],
        "failures": [],
        "skipped": [],
        "hasBeforeHooks": false,
        "hasAfterHooks": false,
        "hasTests": true,
        "hasSuites": false,
        "totalTests": 5,
        "totalPasses": 5,
        "totalFailures": 0,
        "totalPending": 0,
        "totalSkipped": 0,
        "hasPasses": true,
        "hasFailures": false,
        "hasPending": false,
        "hasSkipped": false,
        "duration": 1,
        "rootEmpty": false
      },
      {
        "title": "SplitLine Test",
        "suites": [],
        "tests": [
          {
            "title": "SplitLine Test1",
            "fullTitle": "SplitLine Test SplitLine Test1",
            "timedOut": false,
            "duration": 0,
            "state": "passed",
            "speed": "fast",
            "pass": true,
            "fail": false,
            "pending": false,
            "code": "var extend = new Extendown(\"***\\n\\nsplitline\");\nexpect(extend.getHTML()).to.be.equal(\"<hr></hr>\\n\\n<p>splitline</p>\");",
            "err": {},
            "isRoot": false,
            "uuid": "d19d78d4-af60-4b56-8bc8-993596e92b95",
            "parentUUID": "d3116232-51a5-458a-9d10-c19d7ef02ebf",
            "isHook": false,
            "skipped": false
          },
          {
            "title": "SplitLine Test2",
            "fullTitle": "SplitLine Test SplitLine Test2",
            "timedOut": false,
            "duration": 1,
            "state": "passed",
            "speed": "fast",
            "pass": true,
            "fail": false,
            "pending": false,
            "code": "var extend = new Extendown(\"up\\n***\\ndown\");\nexpect(extend.getHTML()).to.be.equal(\"<p>up</p>\\n<hr></hr>\\n<p>down</p>\");",
            "err": {},
            "isRoot": false,
            "uuid": "9d92d6e8-fd67-4024-8083-8bc01d418738",
            "parentUUID": "d3116232-51a5-458a-9d10-c19d7ef02ebf",
            "isHook": false,
            "skipped": false
          },
          {
            "title": "SplitLine Test3",
            "fullTitle": "SplitLine Test SplitLine Test3",
            "timedOut": false,
            "duration": 2,
            "state": "passed",
            "speed": "fast",
            "pass": true,
            "fail": false,
            "pending": false,
            "code": "var extend = new Extendown(\"*  * *\");\nexpect(extend.getHTML()).to.be.equal(\"<hr></hr>\");",
            "err": {},
            "isRoot": false,
            "uuid": "8022fc23-eec5-40c7-9f16-898d23c2650b",
            "parentUUID": "d3116232-51a5-458a-9d10-c19d7ef02ebf",
            "isHook": false,
            "skipped": false
          },
          {
            "title": "SplitLine Test4",
            "fullTitle": "SplitLine Test SplitLine Test4",
            "timedOut": false,
            "duration": 0,
            "state": "passed",
            "speed": "fast",
            "pass": true,
            "fail": false,
            "pending": false,
            "code": "var extend = new Extendown(\"----\");\nexpect(extend.getHTML()).to.be.equal(\"<hr></hr>\");",
            "err": {},
            "isRoot": false,
            "uuid": "d5214727-0bd9-4a91-ba5e-3ef309fd5718",
            "parentUUID": "d3116232-51a5-458a-9d10-c19d7ef02ebf",
            "isHook": false,
            "skipped": false
          }
        ],
        "pending": [],
        "root": false,
        "_timeout": 2000,
        "file": "/test/block.test.js",
        "uuid": "d3116232-51a5-458a-9d10-c19d7ef02ebf",
        "beforeHooks": [],
        "afterHooks": [],
        "fullFile": "/home/jeffwang/fe/extendown/test/block.test.js",
        "passes": [
          {
            "title": "SplitLine Test1",
            "fullTitle": "SplitLine Test SplitLine Test1",
            "timedOut": false,
            "duration": 0,
            "state": "passed",
            "speed": "fast",
            "pass": true,
            "fail": false,
            "pending": false,
            "code": "var extend = new Extendown(\"***\\n\\nsplitline\");\nexpect(extend.getHTML()).to.be.equal(\"<hr></hr>\\n\\n<p>splitline</p>\");",
            "err": {},
            "isRoot": false,
            "uuid": "d19d78d4-af60-4b56-8bc8-993596e92b95",
            "parentUUID": "d3116232-51a5-458a-9d10-c19d7ef02ebf",
            "isHook": false,
            "skipped": false
          },
          {
            "title": "SplitLine Test2",
            "fullTitle": "SplitLine Test SplitLine Test2",
            "timedOut": false,
            "duration": 1,
            "state": "passed",
            "speed": "fast",
            "pass": true,
            "fail": false,
            "pending": false,
            "code": "var extend = new Extendown(\"up\\n***\\ndown\");\nexpect(extend.getHTML()).to.be.equal(\"<p>up</p>\\n<hr></hr>\\n<p>down</p>\");",
            "err": {},
            "isRoot": false,
            "uuid": "9d92d6e8-fd67-4024-8083-8bc01d418738",
            "parentUUID": "d3116232-51a5-458a-9d10-c19d7ef02ebf",
            "isHook": false,
            "skipped": false
          },
          {
            "title": "SplitLine Test3",
            "fullTitle": "SplitLine Test SplitLine Test3",
            "timedOut": false,
            "duration": 2,
            "state": "passed",
            "speed": "fast",
            "pass": true,
            "fail": false,
            "pending": false,
            "code": "var extend = new Extendown(\"*  * *\");\nexpect(extend.getHTML()).to.be.equal(\"<hr></hr>\");",
            "err": {},
            "isRoot": false,
            "uuid": "8022fc23-eec5-40c7-9f16-898d23c2650b",
            "parentUUID": "d3116232-51a5-458a-9d10-c19d7ef02ebf",
            "isHook": false,
            "skipped": false
          },
          {
            "title": "SplitLine Test4",
            "fullTitle": "SplitLine Test SplitLine Test4",
            "timedOut": false,
            "duration": 0,
            "state": "passed",
            "speed": "fast",
            "pass": true,
            "fail": false,
            "pending": false,
            "code": "var extend = new Extendown(\"----\");\nexpect(extend.getHTML()).to.be.equal(\"<hr></hr>\");",
            "err": {},
            "isRoot": false,
            "uuid": "d5214727-0bd9-4a91-ba5e-3ef309fd5718",
            "parentUUID": "d3116232-51a5-458a-9d10-c19d7ef02ebf",
            "isHook": false,
            "skipped": false
          }
        ],
        "failures": [],
        "skipped": [],
        "hasBeforeHooks": false,
        "hasAfterHooks": false,
        "hasTests": true,
        "hasSuites": false,
        "totalTests": 4,
        "totalPasses": 4,
        "totalFailures": 0,
        "totalPending": 0,
        "totalSkipped": 0,
        "hasPasses": true,
        "hasFailures": false,
        "hasPending": false,
        "hasSkipped": false,
        "duration": 3,
        "rootEmpty": false
      },
      {
        "title": "Blockquote Test",
        "suites": [],
        "tests": [
          {
            "title": "Blockquote Test 1",
            "fullTitle": "Blockquote Test Blockquote Test 1",
            "timedOut": false,
            "duration": 0,
            "state": "passed",
            "speed": "fast",
            "pass": true,
            "fail": false,
            "pending": false,
            "code": "var extend = new Extendown(\"> block\");\nexpect(extend.getHTML()).to.be.equal(\"<blockquote><p>block</p></blockquote>\");",
            "err": {},
            "isRoot": false,
            "uuid": "71ee9854-888d-4210-9dda-45946b0f5e69",
            "parentUUID": "d41a1213-9d0b-42a7-a336-276d06392363",
            "isHook": false,
            "skipped": false
          },
          {
            "title": "Blockquote Test 2",
            "fullTitle": "Blockquote Test Blockquote Test 2",
            "timedOut": false,
            "duration": 0,
            "state": "passed",
            "speed": "fast",
            "pass": true,
            "fail": false,
            "pending": false,
            "code": "var extend = new Extendown(\"> block\\n\\npara\");\nexpect(extend.getHTML()).to.be.equal(\"<blockquote><p>block</p></blockquote><p>para</p>\");",
            "err": {},
            "isRoot": false,
            "uuid": "39e6a173-40e2-4ca5-a19c-67e9632ffaea",
            "parentUUID": "d41a1213-9d0b-42a7-a336-276d06392363",
            "isHook": false,
            "skipped": false
          },
          {
            "title": "Blockquote Test 3",
            "fullTitle": "Blockquote Test Blockquote Test 3",
            "timedOut": false,
            "duration": 1,
            "state": "passed",
            "speed": "fast",
            "pass": true,
            "fail": false,
            "pending": false,
            "code": "var extend = new Extendown(\"\\n > block\\n\\npara\");\nexpect(extend.getHTML()).to.be.equal(\"\\n<blockquote><p>block</p></blockquote><p>para</p>\");",
            "err": {},
            "isRoot": false,
            "uuid": "19e44e95-41bd-4412-b210-809874a52756",
            "parentUUID": "d41a1213-9d0b-42a7-a336-276d06392363",
            "isHook": false,
            "skipped": false
          }
        ],
        "pending": [],
        "root": false,
        "_timeout": 2000,
        "file": "/test/block.test.js",
        "uuid": "d41a1213-9d0b-42a7-a336-276d06392363",
        "beforeHooks": [],
        "afterHooks": [],
        "fullFile": "/home/jeffwang/fe/extendown/test/block.test.js",
        "passes": [
          {
            "title": "Blockquote Test 1",
            "fullTitle": "Blockquote Test Blockquote Test 1",
            "timedOut": false,
            "duration": 0,
            "state": "passed",
            "speed": "fast",
            "pass": true,
            "fail": false,
            "pending": false,
            "code": "var extend = new Extendown(\"> block\");\nexpect(extend.getHTML()).to.be.equal(\"<blockquote><p>block</p></blockquote>\");",
            "err": {},
            "isRoot": false,
            "uuid": "71ee9854-888d-4210-9dda-45946b0f5e69",
            "parentUUID": "d41a1213-9d0b-42a7-a336-276d06392363",
            "isHook": false,
            "skipped": false
          },
          {
            "title": "Blockquote Test 2",
            "fullTitle": "Blockquote Test Blockquote Test 2",
            "timedOut": false,
            "duration": 0,
            "state": "passed",
            "speed": "fast",
            "pass": true,
            "fail": false,
            "pending": false,
            "code": "var extend = new Extendown(\"> block\\n\\npara\");\nexpect(extend.getHTML()).to.be.equal(\"<blockquote><p>block</p></blockquote><p>para</p>\");",
            "err": {},
            "isRoot": false,
            "uuid": "39e6a173-40e2-4ca5-a19c-67e9632ffaea",
            "parentUUID": "d41a1213-9d0b-42a7-a336-276d06392363",
            "isHook": false,
            "skipped": false
          },
          {
            "title": "Blockquote Test 3",
            "fullTitle": "Blockquote Test Blockquote Test 3",
            "timedOut": false,
            "duration": 1,
            "state": "passed",
            "speed": "fast",
            "pass": true,
            "fail": false,
            "pending": false,
            "code": "var extend = new Extendown(\"\\n > block\\n\\npara\");\nexpect(extend.getHTML()).to.be.equal(\"\\n<blockquote><p>block</p></blockquote><p>para</p>\");",
            "err": {},
            "isRoot": false,
            "uuid": "19e44e95-41bd-4412-b210-809874a52756",
            "parentUUID": "d41a1213-9d0b-42a7-a336-276d06392363",
            "isHook": false,
            "skipped": false
          }
        ],
        "failures": [],
        "skipped": [],
        "hasBeforeHooks": false,
        "hasAfterHooks": false,
        "hasTests": true,
        "hasSuites": false,
        "totalTests": 3,
        "totalPasses": 3,
        "totalFailures": 0,
        "totalPending": 0,
        "totalSkipped": 0,
        "hasPasses": true,
        "hasFailures": false,
        "hasPending": false,
        "hasSkipped": false,
        "duration": 1,
        "rootEmpty": false
      },
      {
        "title": "BlockCode Test",
        "suites": [],
        "tests": [
          {
            "title": "BlockCode Test 1",
            "fullTitle": "BlockCode Test BlockCode Test 1",
            "timedOut": false,
            "duration": 0,
            "state": "passed",
            "speed": "fast",
            "pass": true,
            "fail": false,
            "pending": false,
            "code": "var extend = new Extendown(\"```\\n```\");\nexpect(extend.getHTML()).to.be.equal(\"<pre><code class=\\\"code_language_\\\"></code></pre>\");",
            "err": {},
            "isRoot": false,
            "uuid": "c8f2096f-3e9b-41eb-a03b-f65c5b4d66e1",
            "parentUUID": "57632d27-aaa4-4fb6-aadb-5ff4e5d58cde",
            "isHook": false,
            "skipped": false
          },
          {
            "title": "BlockCode Test 2",
            "fullTitle": "BlockCode Test BlockCode Test 2",
            "timedOut": false,
            "duration": 0,
            "state": "passed",
            "speed": "fast",
            "pass": true,
            "fail": false,
            "pending": false,
            "code": "var extend = new Extendown(\"``` javascript\\n```\");\nexpect(extend.getHTML()).to.be.equal(\"<pre><code class=\\\"code_language_javascript\\\"></code></pre>\");",
            "err": {},
            "isRoot": false,
            "uuid": "5fccda09-4637-45b1-be45-bf37a2780e64",
            "parentUUID": "57632d27-aaa4-4fb6-aadb-5ff4e5d58cde",
            "isHook": false,
            "skipped": false
          },
          {
            "title": "BlockCode Test 3",
            "fullTitle": "BlockCode Test BlockCode Test 3",
            "timedOut": false,
            "duration": 0,
            "state": "passed",
            "speed": "fast",
            "pass": true,
            "fail": false,
            "pending": false,
            "code": "var extend = new Extendown(\"top\\n``` javascript\\ncode here\\n``` \\n bottom\");\nexpect(extend.getHTML()).to.be.equal(\"<p>top</p>\\n<pre><code class=\\\"code_language_javascript\\\">code here\\n</code></pre>\\n<p> bottom</p>\");",
            "err": {},
            "isRoot": false,
            "uuid": "cc4775be-7636-4e3e-b848-ed35df01a2a9",
            "parentUUID": "57632d27-aaa4-4fb6-aadb-5ff4e5d58cde",
            "isHook": false,
            "skipped": false
          },
          {
            "title": "BlockCode Test 4",
            "fullTitle": "BlockCode Test BlockCode Test 4",
            "timedOut": false,
            "duration": 0,
            "state": "passed",
            "speed": "fast",
            "pass": true,
            "fail": false,
            "pending": false,
            "code": "var extend = new Extendown(\"``` \\n#### hello\\n```\");\nexpect(extend.getHTML()).to.be.equal(\"<pre><code class=\\\"code_language_\\\">#### hello\\n</code></pre>\");",
            "err": {},
            "isRoot": false,
            "uuid": "7a56d30c-8770-4427-83b7-b12dedb43b9b",
            "parentUUID": "57632d27-aaa4-4fb6-aadb-5ff4e5d58cde",
            "isHook": false,
            "skipped": false
          },
          {
            "title": "BlockCode Test 5",
            "fullTitle": "BlockCode Test BlockCode Test 5",
            "timedOut": false,
            "duration": 0,
            "state": "passed",
            "speed": "fast",
            "pass": true,
            "fail": false,
            "pending": false,
            "code": "var extend = new Extendown(\"``` \\nd```\");\nexpect(extend.getHTML()).to.be.equal(\"<p>``` \\nd```</p>\");",
            "err": {},
            "isRoot": false,
            "uuid": "3bf5e765-28ea-45d2-9f21-1eceabf10385",
            "parentUUID": "57632d27-aaa4-4fb6-aadb-5ff4e5d58cde",
            "isHook": false,
            "skipped": false
          },
          {
            "title": "BlockCode Test 6",
            "fullTitle": "BlockCode Test BlockCode Test 6",
            "timedOut": false,
            "duration": 0,
            "state": "passed",
            "speed": "fast",
            "pass": true,
            "fail": false,
            "pending": false,
            "code": "var extend = new Extendown(\"```\\n```\\n```\");\nexpect(extend.getHTML()).to.be.equal(\"<pre><code class=\\\"code_language_\\\"></code></pre>\\n<p>```</p>\");",
            "err": {},
            "isRoot": false,
            "uuid": "badff614-5906-46b2-b0f0-fd5af7e69518",
            "parentUUID": "57632d27-aaa4-4fb6-aadb-5ff4e5d58cde",
            "isHook": false,
            "skipped": false
          }
        ],
        "pending": [],
        "root": false,
        "_timeout": 2000,
        "file": "/test/block.test.js",
        "uuid": "57632d27-aaa4-4fb6-aadb-5ff4e5d58cde",
        "beforeHooks": [],
        "afterHooks": [],
        "fullFile": "/home/jeffwang/fe/extendown/test/block.test.js",
        "passes": [
          {
            "title": "BlockCode Test 1",
            "fullTitle": "BlockCode Test BlockCode Test 1",
            "timedOut": false,
            "duration": 0,
            "state": "passed",
            "speed": "fast",
            "pass": true,
            "fail": false,
            "pending": false,
            "code": "var extend = new Extendown(\"```\\n```\");\nexpect(extend.getHTML()).to.be.equal(\"<pre><code class=\\\"code_language_\\\"></code></pre>\");",
            "err": {},
            "isRoot": false,
            "uuid": "c8f2096f-3e9b-41eb-a03b-f65c5b4d66e1",
            "parentUUID": "57632d27-aaa4-4fb6-aadb-5ff4e5d58cde",
            "isHook": false,
            "skipped": false
          },
          {
            "title": "BlockCode Test 2",
            "fullTitle": "BlockCode Test BlockCode Test 2",
            "timedOut": false,
            "duration": 0,
            "state": "passed",
            "speed": "fast",
            "pass": true,
            "fail": false,
            "pending": false,
            "code": "var extend = new Extendown(\"``` javascript\\n```\");\nexpect(extend.getHTML()).to.be.equal(\"<pre><code class=\\\"code_language_javascript\\\"></code></pre>\");",
            "err": {},
            "isRoot": false,
            "uuid": "5fccda09-4637-45b1-be45-bf37a2780e64",
            "parentUUID": "57632d27-aaa4-4fb6-aadb-5ff4e5d58cde",
            "isHook": false,
            "skipped": false
          },
          {
            "title": "BlockCode Test 3",
            "fullTitle": "BlockCode Test BlockCode Test 3",
            "timedOut": false,
            "duration": 0,
            "state": "passed",
            "speed": "fast",
            "pass": true,
            "fail": false,
            "pending": false,
            "code": "var extend = new Extendown(\"top\\n``` javascript\\ncode here\\n``` \\n bottom\");\nexpect(extend.getHTML()).to.be.equal(\"<p>top</p>\\n<pre><code class=\\\"code_language_javascript\\\">code here\\n</code></pre>\\n<p> bottom</p>\");",
            "err": {},
            "isRoot": false,
            "uuid": "cc4775be-7636-4e3e-b848-ed35df01a2a9",
            "parentUUID": "57632d27-aaa4-4fb6-aadb-5ff4e5d58cde",
            "isHook": false,
            "skipped": false
          },
          {
            "title": "BlockCode Test 4",
            "fullTitle": "BlockCode Test BlockCode Test 4",
            "timedOut": false,
            "duration": 0,
            "state": "passed",
            "speed": "fast",
            "pass": true,
            "fail": false,
            "pending": false,
            "code": "var extend = new Extendown(\"``` \\n#### hello\\n```\");\nexpect(extend.getHTML()).to.be.equal(\"<pre><code class=\\\"code_language_\\\">#### hello\\n</code></pre>\");",
            "err": {},
            "isRoot": false,
            "uuid": "7a56d30c-8770-4427-83b7-b12dedb43b9b",
            "parentUUID": "57632d27-aaa4-4fb6-aadb-5ff4e5d58cde",
            "isHook": false,
            "skipped": false
          },
          {
            "title": "BlockCode Test 5",
            "fullTitle": "BlockCode Test BlockCode Test 5",
            "timedOut": false,
            "duration": 0,
            "state": "passed",
            "speed": "fast",
            "pass": true,
            "fail": false,
            "pending": false,
            "code": "var extend = new Extendown(\"``` \\nd```\");\nexpect(extend.getHTML()).to.be.equal(\"<p>``` \\nd```</p>\");",
            "err": {},
            "isRoot": false,
            "uuid": "3bf5e765-28ea-45d2-9f21-1eceabf10385",
            "parentUUID": "57632d27-aaa4-4fb6-aadb-5ff4e5d58cde",
            "isHook": false,
            "skipped": false
          },
          {
            "title": "BlockCode Test 6",
            "fullTitle": "BlockCode Test BlockCode Test 6",
            "timedOut": false,
            "duration": 0,
            "state": "passed",
            "speed": "fast",
            "pass": true,
            "fail": false,
            "pending": false,
            "code": "var extend = new Extendown(\"```\\n```\\n```\");\nexpect(extend.getHTML()).to.be.equal(\"<pre><code class=\\\"code_language_\\\"></code></pre>\\n<p>```</p>\");",
            "err": {},
            "isRoot": false,
            "uuid": "badff614-5906-46b2-b0f0-fd5af7e69518",
            "parentUUID": "57632d27-aaa4-4fb6-aadb-5ff4e5d58cde",
            "isHook": false,
            "skipped": false
          }
        ],
        "failures": [],
        "skipped": [],
        "hasBeforeHooks": false,
        "hasAfterHooks": false,
        "hasTests": true,
        "hasSuites": false,
        "totalTests": 6,
        "totalPasses": 6,
        "totalFailures": 0,
        "totalPending": 0,
        "totalSkipped": 0,
        "hasPasses": true,
        "hasFailures": false,
        "hasPending": false,
        "hasSkipped": false,
        "duration": 0,
        "rootEmpty": false
      },
      {
        "title": "Block Union Test",
        "suites": [],
        "tests": [
          {
            "title": "header+blockcode",
            "fullTitle": "Block Union Test header+blockcode",
            "timedOut": false,
            "duration": 0,
            "state": "passed",
            "speed": "fast",
            "pass": true,
            "fail": false,
            "pending": false,
            "code": "var extend = new Extendown(\"# header\\n```\\n```\");\nexpect(extend.getHTML()).to.be.equal(\"<h1>header</h1>\\n<pre><code class=\\\"code_language_\\\"></code></pre>\");",
            "err": {},
            "isRoot": false,
            "uuid": "c89b57b4-23e2-481f-8045-996304350a0f",
            "parentUUID": "50c42e45-b00b-43fb-b346-60e5a58988f0",
            "isHook": false,
            "skipped": false
          },
          {
            "title": "blockcode+blockquote",
            "fullTitle": "Block Union Test blockcode+blockquote",
            "timedOut": false,
            "duration": 0,
            "state": "passed",
            "speed": "fast",
            "pass": true,
            "fail": false,
            "pending": false,
            "code": "var extend = new Extendown(\"\\n```\\n```\\n  > block\\n\\npara\");\nexpect(extend.getHTML()).to.be.equal(\"\\n<pre><code class=\\\"code_language_\\\"></code></pre>\\n<blockquote><p>block</p></blockquote><p>para</p>\");",
            "err": {},
            "isRoot": false,
            "uuid": "5fa31ce2-53ae-4045-a75b-3f38191b408d",
            "parentUUID": "50c42e45-b00b-43fb-b346-60e5a58988f0",
            "isHook": false,
            "skipped": false
          },
          {
            "title": "blockcode+splitline+header+blockquote",
            "fullTitle": "Block Union Test blockcode+splitline+header+blockquote",
            "timedOut": false,
            "duration": 31,
            "state": "passed",
            "speed": "fast",
            "pass": true,
            "fail": false,
            "pending": false,
            "code": "var md = fs.readFileSync('./test/blockunion.md', {encoding: 'utf-8'});\nvar result = fs.readFileSync('./test/blockunion.html', {encoding: 'utf-8'});\nvar extend = new Extendown(md);\nexpect(extend.getHTML()).to.be.equal(result);",
            "err": {},
            "isRoot": false,
            "uuid": "9f6f3275-cbb8-490c-bae1-9fe48b1139c1",
            "parentUUID": "50c42e45-b00b-43fb-b346-60e5a58988f0",
            "isHook": false,
            "skipped": false
          }
        ],
        "pending": [],
        "root": false,
        "_timeout": 2000,
        "file": "/test/block.test.js",
        "uuid": "50c42e45-b00b-43fb-b346-60e5a58988f0",
        "beforeHooks": [],
        "afterHooks": [],
        "fullFile": "/home/jeffwang/fe/extendown/test/block.test.js",
        "passes": [
          {
            "title": "header+blockcode",
            "fullTitle": "Block Union Test header+blockcode",
            "timedOut": false,
            "duration": 0,
            "state": "passed",
            "speed": "fast",
            "pass": true,
            "fail": false,
            "pending": false,
            "code": "var extend = new Extendown(\"# header\\n```\\n```\");\nexpect(extend.getHTML()).to.be.equal(\"<h1>header</h1>\\n<pre><code class=\\\"code_language_\\\"></code></pre>\");",
            "err": {},
            "isRoot": false,
            "uuid": "c89b57b4-23e2-481f-8045-996304350a0f",
            "parentUUID": "50c42e45-b00b-43fb-b346-60e5a58988f0",
            "isHook": false,
            "skipped": false
          },
          {
            "title": "blockcode+blockquote",
            "fullTitle": "Block Union Test blockcode+blockquote",
            "timedOut": false,
            "duration": 0,
            "state": "passed",
            "speed": "fast",
            "pass": true,
            "fail": false,
            "pending": false,
            "code": "var extend = new Extendown(\"\\n```\\n```\\n  > block\\n\\npara\");\nexpect(extend.getHTML()).to.be.equal(\"\\n<pre><code class=\\\"code_language_\\\"></code></pre>\\n<blockquote><p>block</p></blockquote><p>para</p>\");",
            "err": {},
            "isRoot": false,
            "uuid": "5fa31ce2-53ae-4045-a75b-3f38191b408d",
            "parentUUID": "50c42e45-b00b-43fb-b346-60e5a58988f0",
            "isHook": false,
            "skipped": false
          },
          {
            "title": "blockcode+splitline+header+blockquote",
            "fullTitle": "Block Union Test blockcode+splitline+header+blockquote",
            "timedOut": false,
            "duration": 31,
            "state": "passed",
            "speed": "fast",
            "pass": true,
            "fail": false,
            "pending": false,
            "code": "var md = fs.readFileSync('./test/blockunion.md', {encoding: 'utf-8'});\nvar result = fs.readFileSync('./test/blockunion.html', {encoding: 'utf-8'});\nvar extend = new Extendown(md);\nexpect(extend.getHTML()).to.be.equal(result);",
            "err": {},
            "isRoot": false,
            "uuid": "9f6f3275-cbb8-490c-bae1-9fe48b1139c1",
            "parentUUID": "50c42e45-b00b-43fb-b346-60e5a58988f0",
            "isHook": false,
            "skipped": false
          }
        ],
        "failures": [],
        "skipped": [],
        "hasBeforeHooks": false,
        "hasAfterHooks": false,
        "hasTests": true,
        "hasSuites": false,
        "totalTests": 3,
        "totalPasses": 3,
        "totalFailures": 0,
        "totalPending": 0,
        "totalSkipped": 0,
        "hasPasses": true,
        "hasFailures": false,
        "hasPending": false,
        "hasSkipped": false,
        "duration": 31,
        "rootEmpty": false
      },
      {
        "title": "List Test",
        "suites": [],
        "tests": [
          {
            "title": "List Simple",
            "fullTitle": "List Test List Simple",
            "timedOut": false,
            "duration": 0,
            "state": "passed",
            "speed": "fast",
            "pass": true,
            "fail": false,
            "pending": false,
            "code": "var result = parse('1. List1\\n2. List2\\n+ List3\\n* List4\\n- List5');\nexpect(result).to.be.equal('<ol start=\"1\"><li>List1</li><li>List2</li></ol><ul><li>List3</li></ul><ul><li>List4</li></ul><ul><li>List5</li></ul>');",
            "err": {},
            "isRoot": false,
            "uuid": "ec3a6c5f-415c-41f1-a3fd-f3d76fc5889f",
            "parentUUID": "ff3a76d5-6d94-4c5d-b992-5a1bf1c63143",
            "isHook": false,
            "skipped": false
          }
        ],
        "pending": [],
        "root": false,
        "_timeout": 2000,
        "file": "/test/block.test.js",
        "uuid": "ff3a76d5-6d94-4c5d-b992-5a1bf1c63143",
        "beforeHooks": [],
        "afterHooks": [],
        "fullFile": "/home/jeffwang/fe/extendown/test/block.test.js",
        "passes": [
          {
            "title": "List Simple",
            "fullTitle": "List Test List Simple",
            "timedOut": false,
            "duration": 0,
            "state": "passed",
            "speed": "fast",
            "pass": true,
            "fail": false,
            "pending": false,
            "code": "var result = parse('1. List1\\n2. List2\\n+ List3\\n* List4\\n- List5');\nexpect(result).to.be.equal('<ol start=\"1\"><li>List1</li><li>List2</li></ol><ul><li>List3</li></ul><ul><li>List4</li></ul><ul><li>List5</li></ul>');",
            "err": {},
            "isRoot": false,
            "uuid": "ec3a6c5f-415c-41f1-a3fd-f3d76fc5889f",
            "parentUUID": "ff3a76d5-6d94-4c5d-b992-5a1bf1c63143",
            "isHook": false,
            "skipped": false
          }
        ],
        "failures": [],
        "skipped": [],
        "hasBeforeHooks": false,
        "hasAfterHooks": false,
        "hasTests": true,
        "hasSuites": false,
        "totalTests": 1,
        "totalPasses": 1,
        "totalFailures": 0,
        "totalPending": 0,
        "totalSkipped": 0,
        "hasPasses": true,
        "hasFailures": false,
        "hasPending": false,
        "hasSkipped": false,
        "duration": 0,
        "rootEmpty": false
      },
      {
        "title": "ItaticBoldTest",
        "suites": [],
        "tests": [
          {
            "title": "itatic test",
            "fullTitle": "ItaticBoldTest itatic test",
            "timedOut": false,
            "duration": 1,
            "state": "passed",
            "speed": "fast",
            "pass": true,
            "fail": false,
            "pending": false,
            "code": "var extend = new Extendown('*hello*');\nexpect(extend.getHTML()).to.be.equal('<p><em>hello</em></p>');",
            "err": {},
            "isRoot": false,
            "uuid": "682f5230-59ed-49d4-8bb4-bf9aacbe7053",
            "parentUUID": "3bbf7a7c-e631-4d92-a531-0858d2ffab70",
            "isHook": false,
            "skipped": false
          },
          {
            "title": "bold test",
            "fullTitle": "ItaticBoldTest bold test",
            "timedOut": false,
            "duration": 0,
            "state": "passed",
            "speed": "fast",
            "pass": true,
            "fail": false,
            "pending": false,
            "code": "var extend = new Extendown('__hello__');\nexpect(extend.getHTML()).to.be.equal('<p><strong>hello</strong></p>');",
            "err": {},
            "isRoot": false,
            "uuid": "0c711cd9-0deb-450a-93bb-2f5d60359858",
            "parentUUID": "3bbf7a7c-e631-4d92-a531-0858d2ffab70",
            "isHook": false,
            "skipped": false
          },
          {
            "title": "itatic and bold test",
            "fullTitle": "ItaticBoldTest itatic and bold test",
            "timedOut": false,
            "duration": 1,
            "state": "passed",
            "speed": "fast",
            "pass": true,
            "fail": false,
            "pending": false,
            "code": "var extend = new Extendown('__hello*world*__');\nexpect(extend.getHTML()).to.be.equal('<p><strong>hello<em>world</em></strong></p>');",
            "err": {},
            "isRoot": false,
            "uuid": "677ba251-9c0f-4dc7-94c5-d0b9f0e07d43",
            "parentUUID": "3bbf7a7c-e631-4d92-a531-0858d2ffab70",
            "isHook": false,
            "skipped": false
          }
        ],
        "pending": [],
        "root": false,
        "_timeout": 2000,
        "file": "/test/inline.test.js",
        "uuid": "3bbf7a7c-e631-4d92-a531-0858d2ffab70",
        "beforeHooks": [],
        "afterHooks": [],
        "fullFile": "/home/jeffwang/fe/extendown/test/inline.test.js",
        "passes": [
          {
            "title": "itatic test",
            "fullTitle": "ItaticBoldTest itatic test",
            "timedOut": false,
            "duration": 1,
            "state": "passed",
            "speed": "fast",
            "pass": true,
            "fail": false,
            "pending": false,
            "code": "var extend = new Extendown('*hello*');\nexpect(extend.getHTML()).to.be.equal('<p><em>hello</em></p>');",
            "err": {},
            "isRoot": false,
            "uuid": "682f5230-59ed-49d4-8bb4-bf9aacbe7053",
            "parentUUID": "3bbf7a7c-e631-4d92-a531-0858d2ffab70",
            "isHook": false,
            "skipped": false
          },
          {
            "title": "bold test",
            "fullTitle": "ItaticBoldTest bold test",
            "timedOut": false,
            "duration": 0,
            "state": "passed",
            "speed": "fast",
            "pass": true,
            "fail": false,
            "pending": false,
            "code": "var extend = new Extendown('__hello__');\nexpect(extend.getHTML()).to.be.equal('<p><strong>hello</strong></p>');",
            "err": {},
            "isRoot": false,
            "uuid": "0c711cd9-0deb-450a-93bb-2f5d60359858",
            "parentUUID": "3bbf7a7c-e631-4d92-a531-0858d2ffab70",
            "isHook": false,
            "skipped": false
          },
          {
            "title": "itatic and bold test",
            "fullTitle": "ItaticBoldTest itatic and bold test",
            "timedOut": false,
            "duration": 1,
            "state": "passed",
            "speed": "fast",
            "pass": true,
            "fail": false,
            "pending": false,
            "code": "var extend = new Extendown('__hello*world*__');\nexpect(extend.getHTML()).to.be.equal('<p><strong>hello<em>world</em></strong></p>');",
            "err": {},
            "isRoot": false,
            "uuid": "677ba251-9c0f-4dc7-94c5-d0b9f0e07d43",
            "parentUUID": "3bbf7a7c-e631-4d92-a531-0858d2ffab70",
            "isHook": false,
            "skipped": false
          }
        ],
        "failures": [],
        "skipped": [],
        "hasBeforeHooks": false,
        "hasAfterHooks": false,
        "hasTests": true,
        "hasSuites": false,
        "totalTests": 3,
        "totalPasses": 3,
        "totalFailures": 0,
        "totalPending": 0,
        "totalSkipped": 0,
        "hasPasses": true,
        "hasFailures": false,
        "hasPending": false,
        "hasSkipped": false,
        "duration": 2,
        "rootEmpty": false
      },
      {
        "title": "Inline Code Test",
        "suites": [],
        "tests": [
          {
            "title": "inlineCode test 1",
            "fullTitle": "Inline Code Test inlineCode test 1",
            "timedOut": false,
            "duration": 0,
            "state": "passed",
            "speed": "fast",
            "pass": true,
            "fail": false,
            "pending": false,
            "code": "var extend = new Extendown('```hello```');\nexpect(extend.getHTML()).to.be.equal('<p><code>hello</code></p>');",
            "err": {},
            "isRoot": false,
            "uuid": "8f85b8cb-9a56-4bb0-85f0-53357acf7c4a",
            "parentUUID": "319eb1b8-2d61-4cf7-93cc-673be0d52cf2",
            "isHook": false,
            "skipped": false
          },
          {
            "title": "inlineCode test 2",
            "fullTitle": "Inline Code Test inlineCode test 2",
            "timedOut": false,
            "duration": 0,
            "state": "passed",
            "speed": "fast",
            "pass": true,
            "fail": false,
            "pending": false,
            "code": "var extend = new Extendown('```he`llo```');\nexpect(extend.getHTML()).to.be.equal('<p><code>he`llo</code></p>');",
            "err": {},
            "isRoot": false,
            "uuid": "ce762a4f-794a-4532-b39e-439d291dd840",
            "parentUUID": "319eb1b8-2d61-4cf7-93cc-673be0d52cf2",
            "isHook": false,
            "skipped": false
          },
          {
            "title": "inlineCode test 3",
            "fullTitle": "Inline Code Test inlineCode test 3",
            "timedOut": false,
            "duration": 6,
            "state": "passed",
            "speed": "fast",
            "pass": true,
            "fail": false,
            "pending": false,
            "code": "var extend = new Extendown('```he`llo``` \\n ``hello`');\nexpect(extend.getHTML()).to.be.equal('<p><code>he`llo</code> \\n ``hello`</p>');",
            "err": {},
            "isRoot": false,
            "uuid": "0cabd234-8dd3-4eab-ab99-3b52700869f5",
            "parentUUID": "319eb1b8-2d61-4cf7-93cc-673be0d52cf2",
            "isHook": false,
            "skipped": false
          },
          {
            "title": "inlineCode and ",
            "fullTitle": "Inline Code Test inlineCode and ",
            "timedOut": false,
            "duration": 0,
            "state": "passed",
            "speed": "fast",
            "pass": true,
            "fail": false,
            "pending": false,
            "code": "var extend = new Extendown('xxxxx```he`llo```xxxx');\nexpect(extend.getHTML()).to.be.equal('<p>xxxxx<code>he`llo</code>xxxx</p>');",
            "err": {},
            "isRoot": false,
            "uuid": "bf2843cf-a53d-46f5-8275-31c2a4ce3167",
            "parentUUID": "319eb1b8-2d61-4cf7-93cc-673be0d52cf2",
            "isHook": false,
            "skipped": false
          }
        ],
        "pending": [],
        "root": false,
        "_timeout": 2000,
        "file": "/test/inline.test.js",
        "uuid": "319eb1b8-2d61-4cf7-93cc-673be0d52cf2",
        "beforeHooks": [],
        "afterHooks": [],
        "fullFile": "/home/jeffwang/fe/extendown/test/inline.test.js",
        "passes": [
          {
            "title": "inlineCode test 1",
            "fullTitle": "Inline Code Test inlineCode test 1",
            "timedOut": false,
            "duration": 0,
            "state": "passed",
            "speed": "fast",
            "pass": true,
            "fail": false,
            "pending": false,
            "code": "var extend = new Extendown('```hello```');\nexpect(extend.getHTML()).to.be.equal('<p><code>hello</code></p>');",
            "err": {},
            "isRoot": false,
            "uuid": "8f85b8cb-9a56-4bb0-85f0-53357acf7c4a",
            "parentUUID": "319eb1b8-2d61-4cf7-93cc-673be0d52cf2",
            "isHook": false,
            "skipped": false
          },
          {
            "title": "inlineCode test 2",
            "fullTitle": "Inline Code Test inlineCode test 2",
            "timedOut": false,
            "duration": 0,
            "state": "passed",
            "speed": "fast",
            "pass": true,
            "fail": false,
            "pending": false,
            "code": "var extend = new Extendown('```he`llo```');\nexpect(extend.getHTML()).to.be.equal('<p><code>he`llo</code></p>');",
            "err": {},
            "isRoot": false,
            "uuid": "ce762a4f-794a-4532-b39e-439d291dd840",
            "parentUUID": "319eb1b8-2d61-4cf7-93cc-673be0d52cf2",
            "isHook": false,
            "skipped": false
          },
          {
            "title": "inlineCode test 3",
            "fullTitle": "Inline Code Test inlineCode test 3",
            "timedOut": false,
            "duration": 6,
            "state": "passed",
            "speed": "fast",
            "pass": true,
            "fail": false,
            "pending": false,
            "code": "var extend = new Extendown('```he`llo``` \\n ``hello`');\nexpect(extend.getHTML()).to.be.equal('<p><code>he`llo</code> \\n ``hello`</p>');",
            "err": {},
            "isRoot": false,
            "uuid": "0cabd234-8dd3-4eab-ab99-3b52700869f5",
            "parentUUID": "319eb1b8-2d61-4cf7-93cc-673be0d52cf2",
            "isHook": false,
            "skipped": false
          },
          {
            "title": "inlineCode and ",
            "fullTitle": "Inline Code Test inlineCode and ",
            "timedOut": false,
            "duration": 0,
            "state": "passed",
            "speed": "fast",
            "pass": true,
            "fail": false,
            "pending": false,
            "code": "var extend = new Extendown('xxxxx```he`llo```xxxx');\nexpect(extend.getHTML()).to.be.equal('<p>xxxxx<code>he`llo</code>xxxx</p>');",
            "err": {},
            "isRoot": false,
            "uuid": "bf2843cf-a53d-46f5-8275-31c2a4ce3167",
            "parentUUID": "319eb1b8-2d61-4cf7-93cc-673be0d52cf2",
            "isHook": false,
            "skipped": false
          }
        ],
        "failures": [],
        "skipped": [],
        "hasBeforeHooks": false,
        "hasAfterHooks": false,
        "hasTests": true,
        "hasSuites": false,
        "totalTests": 4,
        "totalPasses": 4,
        "totalFailures": 0,
        "totalPending": 0,
        "totalSkipped": 0,
        "hasPasses": true,
        "hasFailures": false,
        "hasPending": false,
        "hasSkipped": false,
        "duration": 6,
        "rootEmpty": false
      },
      {
        "title": "Image and Link test",
        "suites": [],
        "tests": [
          {
            "title": "normal image test",
            "fullTitle": "Image and Link test normal image test",
            "timedOut": false,
            "duration": 1,
            "state": "passed",
            "speed": "fast",
            "pass": true,
            "fail": false,
            "pending": false,
            "code": "var extend = new Extendown('![img](http://baidu.com \"title\")');\nexpect(extend.getHTML()).to.be.equal('<p><img alt=\"img\" title=\"title\" src=\"http://baidu.com\" /></p>');;",
            "err": {},
            "isRoot": false,
            "uuid": "65badd92-3d4e-4b29-8f53-7be24cd6c526",
            "parentUUID": "c303938b-4571-4be1-83b1-734c22e7b343",
            "isHook": false,
            "skipped": false
          },
          {
            "title": "predefined image 1",
            "fullTitle": "Image and Link test predefined image 1",
            "timedOut": false,
            "duration": 0,
            "state": "passed",
            "speed": "fast",
            "pass": true,
            "fail": false,
            "pending": false,
            "code": "var extend = new Extendown('[id]: http://baidu.com \"Title\"\\n![ID][]');\nexpect(extend.getHTML()).to.be.equal('\\n<p><img alt=\"ID\" title=\"Title\" src=\"http://baidu.com\" /></p>');;",
            "err": {},
            "isRoot": false,
            "uuid": "139bc203-d544-4e72-995b-44741c538ee8",
            "parentUUID": "c303938b-4571-4be1-83b1-734c22e7b343",
            "isHook": false,
            "skipped": false
          },
          {
            "title": "predefined image 2",
            "fullTitle": "Image and Link test predefined image 2",
            "timedOut": false,
            "duration": 1,
            "state": "passed",
            "speed": "fast",
            "pass": true,
            "fail": false,
            "pending": false,
            "code": "var extend = new Extendown('[ID]: http://baidu.com \"Title\"\\n![alt][id]');\nexpect(extend.getHTML()).to.be.equal('\\n<p><img alt=\"alt\" title=\"Title\" src=\"http://baidu.com\" /></p>');;",
            "err": {},
            "isRoot": false,
            "uuid": "aa19e330-1c7f-4eb2-8d48-7ec6d43f197d",
            "parentUUID": "c303938b-4571-4be1-83b1-734c22e7b343",
            "isHook": false,
            "skipped": false
          },
          {
            "title": "normal link",
            "fullTitle": "Image and Link test normal link",
            "timedOut": false,
            "duration": 0,
            "state": "passed",
            "speed": "fast",
            "pass": true,
            "fail": false,
            "pending": false,
            "code": "var extend = new Extendown('\\n[link](http://baidu.com \"title\")');\nexpect(extend.getHTML()).to.be.equal('\\n<p><a title=\"title\" href=\"http://baidu.com\" target=\"_blank\">link</a></p>');;",
            "err": {},
            "isRoot": false,
            "uuid": "bbff78ef-cd40-4c91-8f6b-bb88b8569389",
            "parentUUID": "c303938b-4571-4be1-83b1-734c22e7b343",
            "isHook": false,
            "skipped": false
          },
          {
            "title": "predefined link",
            "fullTitle": "Image and Link test predefined link",
            "timedOut": false,
            "duration": 0,
            "state": "passed",
            "speed": "fast",
            "pass": true,
            "fail": false,
            "pending": false,
[...]
      "err": {},
      "isRoot": false,
      "uuid": "39e6a173-40e2-4ca5-a19c-67e9632ffaea",
      "parentUUID": "d41a1213-9d0b-42a7-a336-276d06392363",
      "isHook": false,
      "skipped": false
    },
    {
      "title": "Blockquote Test 3",
      "fullTitle": "Blockquote Test Blockquote Test 3",
      "timedOut": false,
      "duration": 1,
      "state": "passed",
      "speed": "fast",
      "pass": true,
      "fail": false,
      "pending": false,
      "code": "var extend = new Extendown(\"\\n > block\\n\\npara\");\nexpect(extend.getHTML()).to.be.equal(\"\\n<blockquote><p>block</p></blockquote><p>para</p>\");",
      "err": {},
      "isRoot": false,
      "uuid": "19e44e95-41bd-4412-b210-809874a52756",
      "parentUUID": "d41a1213-9d0b-42a7-a336-276d06392363",
      "isHook": false,
      "skipped": false
    },
    {
      "title": "BlockCode Test 1",
      "fullTitle": "BlockCode Test BlockCode Test 1",
      "timedOut": false,
      "duration": 0,
      "state": "passed",
      "speed": "fast",
      "pass": true,
      "fail": false,
      "pending": false,
      "code": "var extend = new Extendown(\"```\\n```\");\nexpect(extend.getHTML()).to.be.equal(\"<pre><code class=\\\"code_language_\\\"></code></pre>\");",
      "err": {},
      "isRoot": false,
      "uuid": "c8f2096f-3e9b-41eb-a03b-f65c5b4d66e1",
      "parentUUID": "57632d27-aaa4-4fb6-aadb-5ff4e5d58cde",
      "isHook": false,
      "skipped": false
    },
    {
      "title": "BlockCode Test 2",
      "fullTitle": "BlockCode Test BlockCode Test 2",
      "timedOut": false,
      "duration": 0,
      "state": "passed",
      "speed": "fast",
      "pass": true,
      "fail": false,
      "pending": false,
      "code": "var extend = new Extendown(\"``` javascript\\n```\");\nexpect(extend.getHTML()).to.be.equal(\"<pre><code class=\\\"code_language_javascript\\\"></code></pre>\");",
      "err": {},
      "isRoot": false,
      "uuid": "5fccda09-4637-45b1-be45-bf37a2780e64",
      "parentUUID": "57632d27-aaa4-4fb6-aadb-5ff4e5d58cde",
      "isHook": false,
      "skipped": false
    },
    {
      "title": "BlockCode Test 3",
      "fullTitle": "BlockCode Test BlockCode Test 3",
      "timedOut": false,
      "duration": 0,
      "state": "passed",
      "speed": "fast",
      "pass": true,
      "fail": false,
      "pending": false,
      "code": "var extend = new Extendown(\"top\\n``` javascript\\ncode here\\n``` \\n bottom\");\nexpect(extend.getHTML()).to.be.equal(\"<p>top</p>\\n<pre><code class=\\\"code_language_javascript\\\">code here\\n</code></pre>\\n<p> bottom</p>\");",
      "err": {},
      "isRoot": false,
      "uuid": "cc4775be-7636-4e3e-b848-ed35df01a2a9",
      "parentUUID": "57632d27-aaa4-4fb6-aadb-5ff4e5d58cde",
      "isHook": false,
      "skipped": false
    },
    {
      "title": "BlockCode Test 4",
      "fullTitle": "BlockCode Test BlockCode Test 4",
      "timedOut": false,
      "duration": 0,
      "state": "passed",
      "speed": "fast",
      "pass": true,
      "fail": false,
      "pending": false,
      "code": "var extend = new Extendown(\"``` \\n#### hello\\n```\");\nexpect(extend.getHTML()).to.be.equal(\"<pre><code class=\\\"code_language_\\\">#### hello\\n</code></pre>\");",
      "err": {},
      "isRoot": false,
      "uuid": "7a56d30c-8770-4427-83b7-b12dedb43b9b",
      "parentUUID": "57632d27-aaa4-4fb6-aadb-5ff4e5d58cde",
      "isHook": false,
      "skipped": false
    },
    {
      "title": "BlockCode Test 5",
      "fullTitle": "BlockCode Test BlockCode Test 5",
      "timedOut": false,
      "duration": 0,
      "state": "passed",
      "speed": "fast",
      "pass": true,
      "fail": false,
      "pending": false,
      "code": "var extend = new Extendown(\"``` \\nd```\");\nexpect(extend.getHTML()).to.be.equal(\"<p>``` \\nd```</p>\");",
      "err": {},
      "isRoot": false,
      "uuid": "3bf5e765-28ea-45d2-9f21-1eceabf10385",
      "parentUUID": "57632d27-aaa4-4fb6-aadb-5ff4e5d58cde",
      "isHook": false,
      "skipped": false
    },
    {
      "title": "BlockCode Test 6",
      "fullTitle": "BlockCode Test BlockCode Test 6",
      "timedOut": false,
      "duration": 0,
      "state": "passed",
      "speed": "fast",
      "pass": true,
      "fail": false,
      "pending": false,
      "code": "var extend = new Extendown(\"```\\n```\\n```\");\nexpect(extend.getHTML()).to.be.equal(\"<pre><code class=\\\"code_language_\\\"></code></pre>\\n<p>```</p>\");",
      "err": {},
      "isRoot": false,
      "uuid": "badff614-5906-46b2-b0f0-fd5af7e69518",
      "parentUUID": "57632d27-aaa4-4fb6-aadb-5ff4e5d58cde",
      "isHook": false,
      "skipped": false
    },
    {
      "title": "header+blockcode",
      "fullTitle": "Block Union Test header+blockcode",
      "timedOut": false,
      "duration": 0,
      "state": "passed",
      "speed": "fast",
      "pass": true,
      "fail": false,
      "pending": false,
      "code": "var extend = new Extendown(\"# header\\n```\\n```\");\nexpect(extend.getHTML()).to.be.equal(\"<h1>header</h1>\\n<pre><code class=\\\"code_language_\\\"></code></pre>\");",
      "err": {},
      "isRoot": false,
      "uuid": "c89b57b4-23e2-481f-8045-996304350a0f",
      "parentUUID": "50c42e45-b00b-43fb-b346-60e5a58988f0",
      "isHook": false,
      "skipped": false
    },
    {
      "title": "blockcode+blockquote",
      "fullTitle": "Block Union Test blockcode+blockquote",
      "timedOut": false,
      "duration": 0,
      "state": "passed",
      "speed": "fast",
      "pass": true,
      "fail": false,
      "pending": false,
      "code": "var extend = new Extendown(\"\\n```\\n```\\n  > block\\n\\npara\");\nexpect(extend.getHTML()).to.be.equal(\"\\n<pre><code class=\\\"code_language_\\\"></code></pre>\\n<blockquote><p>block</p></blockquote><p>para</p>\");",
      "err": {},
      "isRoot": false,
      "uuid": "5fa31ce2-53ae-4045-a75b-3f38191b408d",
      "parentUUID": "50c42e45-b00b-43fb-b346-60e5a58988f0",
      "isHook": false,
      "skipped": false
    },
    {
      "title": "blockcode+splitline+header+blockquote",
      "fullTitle": "Block Union Test blockcode+splitline+header+blockquote",
      "timedOut": false,
      "duration": 31,
      "state": "passed",
      "speed": "fast",
      "pass": true,
      "fail": false,
      "pending": false,
      "code": "var md = fs.readFileSync('./test/blockunion.md', {encoding: 'utf-8'});\nvar result = fs.readFileSync('./test/blockunion.html', {encoding: 'utf-8'});\nvar extend = new Extendown(md);\nexpect(extend.getHTML()).to.be.equal(result);",
      "err": {},
      "isRoot": false,
      "uuid": "9f6f3275-cbb8-490c-bae1-9fe48b1139c1",
      "parentUUID": "50c42e45-b00b-43fb-b346-60e5a58988f0",
      "isHook": false,
      "skipped": false
    },
    {
      "title": "List Simple",
      "fullTitle": "List Test List Simple",
      "timedOut": false,
      "duration": 0,
      "state": "passed",
      "speed": "fast",
      "pass": true,
      "fail": false,
      "pending": false,
      "code": "var result = parse('1. List1\\n2. List2\\n+ List3\\n* List4\\n- List5');\nexpect(result).to.be.equal('<ol start=\"1\"><li>List1</li><li>List2</li></ol><ul><li>List3</li></ul><ul><li>List4</li></ul><ul><li>List5</li></ul>');",
      "err": {},
      "isRoot": false,
      "uuid": "ec3a6c5f-415c-41f1-a3fd-f3d76fc5889f",
      "parentUUID": "ff3a76d5-6d94-4c5d-b992-5a1bf1c63143",
      "isHook": false,
      "skipped": false
    },
    {
      "title": "itatic test",
      "fullTitle": "ItaticBoldTest itatic test",
      "timedOut": false,
      "duration": 1,
      "state": "passed",
      "speed": "fast",
      "pass": true,
      "fail": false,
      "pending": false,
      "code": "var extend = new Extendown('*hello*');\nexpect(extend.getHTML()).to.be.equal('<p><em>hello</em></p>');",
      "err": {},
      "isRoot": false,
      "uuid": "682f5230-59ed-49d4-8bb4-bf9aacbe7053",
      "parentUUID": "3bbf7a7c-e631-4d92-a531-0858d2ffab70",
      "isHook": false,
      "skipped": false
    },
    {
      "title": "bold test",
      "fullTitle": "ItaticBoldTest bold test",
      "timedOut": false,
      "duration": 0,
      "state": "passed",
      "speed": "fast",
      "pass": true,
      "fail": false,
      "pending": false,
      "code": "var extend = new Extendown('__hello__');\nexpect(extend.getHTML()).to.be.equal('<p><strong>hello</strong></p>');",
      "err": {},
      "isRoot": false,
      "uuid": "0c711cd9-0deb-450a-93bb-2f5d60359858",
      "parentUUID": "3bbf7a7c-e631-4d92-a531-0858d2ffab70",
      "isHook": false,
      "skipped": false
    },
    {
      "title": "itatic and bold test",
      "fullTitle": "ItaticBoldTest itatic and bold test",
      "timedOut": false,
      "duration": 1,
      "state": "passed",
      "speed": "fast",
      "pass": true,
      "fail": false,
      "pending": false,
      "code": "var extend = new Extendown('__hello*world*__');\nexpect(extend.getHTML()).to.be.equal('<p><strong>hello<em>world</em></strong></p>');",
      "err": {},
      "isRoot": false,
      "uuid": "677ba251-9c0f-4dc7-94c5-d0b9f0e07d43",
      "parentUUID": "3bbf7a7c-e631-4d92-a531-0858d2ffab70",
      "isHook": false,
      "skipped": false
    },
    {
      "title": "inlineCode test 1",
      "fullTitle": "Inline Code Test inlineCode test 1",
      "timedOut": false,
      "duration": 0,
      "state": "passed",
      "speed": "fast",
      "pass": true,
      "fail": false,
      "pending": false,
      "code": "var extend = new Extendown('```hello```');\nexpect(extend.getHTML()).to.be.equal('<p><code>hello</code></p>');",
      "err": {},
      "isRoot": false,
      "uuid": "8f85b8cb-9a56-4bb0-85f0-53357acf7c4a",
      "parentUUID": "319eb1b8-2d61-4cf7-93cc-673be0d52cf2",
      "isHook": false,
      "skipped": false
    },
    {
      "title": "inlineCode test 2",
      "fullTitle": "Inline Code Test inlineCode test 2",
      "timedOut": false,
      "duration": 0,
      "state": "passed",
      "speed": "fast",
      "pass": true,
      "fail": false,
      "pending": false,
      "code": "var extend = new Extendown('```he`llo```');\nexpect(extend.getHTML()).to.be.equal('<p><code>he`llo</code></p>');",
      "err": {},
      "isRoot": false,
      "uuid": "ce762a4f-794a-4532-b39e-439d291dd840",
      "parentUUID": "319eb1b8-2d61-4cf7-93cc-673be0d52cf2",
      "isHook": false,
      "skipped": false
    },
    {
      "title": "inlineCode test 3",
      "fullTitle": "Inline Code Test inlineCode test 3",
      "timedOut": false,
      "duration": 6,
      "state": "passed",
      "speed": "fast",
      "pass": true,
      "fail": false,
      "pending": false,
      "code": "var extend = new Extendown('```he`llo``` \\n ``hello`');\nexpect(extend.getHTML()).to.be.equal('<p><code>he`llo</code> \\n ``hello`</p>');",
      "err": {},
      "isRoot": false,
      "uuid": "0cabd234-8dd3-4eab-ab99-3b52700869f5",
      "parentUUID": "319eb1b8-2d61-4cf7-93cc-673be0d52cf2",
      "isHook": false,
      "skipped": false
    },
    {
      "title": "inlineCode and ",
      "fullTitle": "Inline Code Test inlineCode and ",
      "timedOut": false,
      "duration": 0,
      "state": "passed",
      "speed": "fast",
      "pass": true,
      "fail": false,
      "pending": false,
      "code": "var extend = new Extendown('xxxxx```he`llo```xxxx');\nexpect(extend.getHTML()).to.be.equal('<p>xxxxx<code>he`llo</code>xxxx</p>');",
      "err": {},
      "isRoot": false,
      "uuid": "bf2843cf-a53d-46f5-8275-31c2a4ce3167",
      "parentUUID": "319eb1b8-2d61-4cf7-93cc-673be0d52cf2",
      "isHook": false,
      "skipped": false
    },
    {
      "title": "normal image test",
      "fullTitle": "Image and Link test normal image test",
      "timedOut": false,
      "duration": 1,
      "state": "passed",
      "speed": "fast",
      "pass": true,
      "fail": false,
      "pending": false,
      "code": "var extend = new Extendown('![img](http://baidu.com \"title\")');\nexpect(extend.getHTML()).to.be.equal('<p><img alt=\"img\" title=\"title\" src=\"http://baidu.com\" /></p>');;",
      "err": {},
      "isRoot": false,
      "uuid": "65badd92-3d4e-4b29-8f53-7be24cd6c526",
      "parentUUID": "c303938b-4571-4be1-83b1-734c22e7b343",
      "isHook": false,
      "skipped": false
    },
    {
      "title": "predefined image 1",
      "fullTitle": "Image and Link test predefined image 1",
      "timedOut": false,
      "duration": 0,
      "state": "passed",
      "speed": "fast",
      "pass": true,
      "fail": false,
      "pending": false,
      "code": "var extend = new Extendown('[id]: http://baidu.com \"Title\"\\n![ID][]');\nexpect(extend.getHTML()).to.be.equal('\\n<p><img alt=\"ID\" title=\"Title\" src=\"http://baidu.com\" /></p>');;",
      "err": {},
      "isRoot": false,
      "uuid": "139bc203-d544-4e72-995b-44741c538ee8",
      "parentUUID": "c303938b-4571-4be1-83b1-734c22e7b343",
      "isHook": false,
      "skipped": false
    },
    {
      "title": "predefined image 2",
      "fullTitle": "Image and Link test predefined image 2",
      "timedOut": false,
      "duration": 1,
      "state": "passed",
      "speed": "fast",
      "pass": true,
      "fail": false,
      "pending": false,
      "code": "var extend = new Extendown('[ID]: http://baidu.com \"Title\"\\n![alt][id]');\nexpect(extend.getHTML()).to.be.equal('\\n<p><img alt=\"alt\" title=\"Title\" src=\"http://baidu.com\" /></p>');;",
      "err": {},
      "isRoot": false,
      "uuid": "aa19e330-1c7f-4eb2-8d48-7ec6d43f197d",
      "parentUUID": "c303938b-4571-4be1-83b1-734c22e7b343",
      "isHook": false,
      "skipped": false
    },
    {
      "title": "normal link",
      "fullTitle": "Image and Link test normal link",
      "timedOut": false,
      "duration": 0,
      "state": "passed",
      "speed": "fast",
      "pass": true,
      "fail": false,
      "pending": false,
      "code": "var extend = new Extendown('\\n[link](http://baidu.com \"title\")');\nexpect(extend.getHTML()).to.be.equal('\\n<p><a title=\"title\" href=\"http://baidu.com\" target=\"_blank\">link</a></p>');;",
      "err": {},
      "isRoot": false,
      "uuid": "bbff78ef-cd40-4c91-8f6b-bb88b8569389",
      "parentUUID": "c303938b-4571-4be1-83b1-734c22e7b343",
      "isHook": false,
      "skipped": false
    },
    {
      "title": "predefined link",
      "fullTitle": "Image and Link test predefined link",
      "timedOut": false,
      "duration": 0,
      "state": "passed",
      "speed": "fast",
      "pass": true,
      "fail": false,
      "pending": false,
      "code": "var extend = new Extendown('[ID]: http://baidu.com \"title\"\\n[link][id]');\nexpect(extend.getHTML()).to.be.equal('\\n<p><a title=\"title\" href=\"http://baidu.com\" target=\"_blank\">link</a></p>');;",
      "err": {},
      "isRoot": false,
      "uuid": "ccb31a20-a3a9-49d4-ac6e-a43680aab88f",
      "parentUUID": "c303938b-4571-4be1-83b1-734c22e7b343",
      "isHook": false,
      "skipped": false
    },
    {
      "title": "with linebreak in content",
      "fullTitle": "Strikethrough test with linebreak in content",
      "timedOut": false,
      "duration": 0,
      "state": "passed",
      "speed": "fast",
      "pass": true,
      "fail": false,
      "pending": false,
      "code": "var extend = new Extendown('~~line1\\nline2~~');\nexpect(extend.getHTML()).to.be.equal('<p><span style=\"text-decoration:line-through\">line1 line2</span></p>');",
      "err": {},
      "isRoot": false,
      "uuid": "202e712a-bf91-458c-9d5a-aaf6a209b7f0",
      "parentUUID": "34dcfa20-08c5-4425-8c39-7005b73bf962",
      "isHook": false,
      "skipped": false
    },
    {
      "title": "linebreak after tag",
      "fullTitle": "Strikethrough test linebreak after tag",
      "timedOut": false,
      "duration": 1,
      "state": "passed",
      "speed": "fast",
      "pass": true,
      "fail": false,
      "pending": false,
      "code": "var extend = new Extendown('~~line1\\nline2\\n~~');\nexpect(extend.getHTML()).to.be.equal('<p>~~line1\\nline2\\n~~</p>');",
      "err": {},
      "isRoot": false,
      "uuid": "40f2da18-d0ec-41b2-bf90-75fae943d0f6",
      "parentUUID": "34dcfa20-08c5-4425-8c39-7005b73bf962",
      "isHook": false,
      "skipped": false
    },
    {
      "title": "blank after tag",
      "fullTitle": "Strikethrough test blank after tag",
      "timedOut": false,
      "duration": 0,
      "state": "passed",
      "speed": "fast",
      "pass": true,
      "fail": false,
      "pending": false,
      "code": "var extend = new Extendown('~~ line1\\nline2~~');\nexpect(extend.getHTML()).to.be.equal('<p>~~ line1\\nline2~~</p>');",
      "err": {},
      "isRoot": false,
      "uuid": "d132e9cf-2119-453c-a69c-462a2f7076dd",
      "parentUUID": "34dcfa20-08c5-4425-8c39-7005b73bf962",
      "isHook": false,
      "skipped": false
    },
    {
      "title": "normal",
      "fullTitle": "Emoji test normal",
      "timedOut": false,
      "duration": 0,
      "state": "passed",
      "speed": "fast",
      "pass": true,
      "fail": false,
      "pending": false,
      "code": "var extend = new Extendown(':+1:');\nexpect(extend.getHTML()).to.be.equal('<p><img alt=\":+1:\" width=\"20\" height=\"20\" src=\"./+1.png\"></p>');",
      "err": {},
      "isRoot": false,
      "uuid": "ce0962cf-55a2-4468-ad19-5f92f0069d15",
      "parentUUID": "3de50e57-040c-40da-b0cf-53dd110e245a",
      "isHook": false,
      "skipped": false
    },
    {
      "title": "illegal chars",
      "fullTitle": "Emoji test illegal chars",
      "timedOut": false,
      "duration": 1,
      "state": "passed",
      "speed": "fast",
      "pass": true,
      "fail": false,
      "pending": false,
      "code": "var extend = new Extendown(':+1):');\nexpect(extend.getHTML()).to.be.equal('<p>:+1):</p>');",
      "err": {},
      "isRoot": false,
      "uuid": "5e4931ea-26b5-4b7b-889a-2d6a659daaf1",
      "parentUUID": "3de50e57-040c-40da-b0cf-53dd110e245a",
      "isHook": false,
      "skipped": false
    },
    {
      "title": "continuous chars",
      "fullTitle": "Emoji test continuous chars",
      "timedOut": false,
      "duration": 0,
      "state": "passed",
      "speed": "fast",
      "pass": true,
      "fail": false,
      "pending": false,
      "code": "var extend = new Extendown(':+1::jp:');\nexpect(extend.getHTML()).to.be.equal('<p><img alt=\":+1:\" width=\"20\" height=\"20\" src=\"./+1.png\"><img alt=\":jp:\" width=\"20\" height=\"20\" src=\"./jp.png\"></p>');",
      "err": {},
      "isRoot": false,
      "uuid": "2433aa22-c2df-4491-b0af-6630ad1f95af",
      "parentUUID": "3de50e57-040c-40da-b0cf-53dd110e245a",
      "isHook": false,
      "skipped": false
    },
    {
      "title": "br test 1",
      "fullTitle": "Br test br test 1",
      "timedOut": false,
      "duration": 0,
      "state": "passed",
      "speed": "fast",
      "pass": true,
      "fail": false,
      "pending": false,
      "code": "var extend = new Extendown('\\n  \\n');\nexpect(extend.getHTML()).to.be.equal('\\n<p><br /></p>');",
      "err": {},
      "isRoot": false,
      "uuid": "963deb8e-a118-425e-b6cb-7373c11a46ea",
      "parentUUID": "8431378f-6f75-4d18-a334-aeab885da14b",
      "isHook": false,
      "skipped": false
    },
    {
      "title": "br test 2",
      "fullTitle": "Br test br test 2",
      "timedOut": false,
      "duration": 1,
      "state": "passed",
      "speed": "fast",
      "pass": true,
      "fail": false,
      "pending": false,
      "code": "var extend = new Extendown('hello  \\n');\nexpect(extend.getHTML()).to.be.equal('<p>hello<br /></p>');",
      "err": {},
      "isRoot": false,
      "uuid": "07ce6cd0-e0cf-42a0-8a77-f3fb18bdb1e6",
      "parentUUID": "8431378f-6f75-4d18-a334-aeab885da14b",
      "isHook": false,
      "skipped": false
    }
  ],
  "allFailures": [],
  "copyrightYear": 2017
}